#
# There is insufficient memory for the Java Runtime Environment to continue.
# Native memory allocation (malloc) failed to allocate 1138032 bytes for Chunk::new
# Possible reasons:
#   The system is out of physical RAM or swap space
#   The process is running with CompressedOops enabled, and the Java Heap may be blocking the growth of the native heap
# Possible solutions:
#   Reduce memory load on the system
#   Increase physical memory or swap space
#   Check if swap backing store is full
#   Decrease Java heap size (-Xmx/-Xms)
#   Decrease number of Java threads
#   Decrease Java thread stack sizes (-Xss)
#   Set larger code cache with -XX:ReservedCodeCacheSize=
#   JVM is running with Unscaled Compressed Oops mode in which the Java heap is
#     placed in the first 4GB address space. The Java Heap base address is the
#     maximum limit for the native heap growth. Please use -XX:HeapBaseMinAddress
#     to set the Java Heap base and to place the Java Heap above 4GB virtual address.
# This output file may be truncated or incomplete.
#
#  Out of Memory Error (arena.cpp:191), pid=4436, tid=6048
#
# JRE version: OpenJDK Runtime Environment Temurin-17.0.10+7 (17.0.10+7) (build 17.0.10+7)
# Java VM: OpenJDK 64-Bit Server VM Temurin-17.0.10+7 (17.0.10+7, mixed mode, tiered, compressed oops, compressed class ptrs, parallel gc, windows-amd64)
# No core dump will be written. Minidumps are not enabled by default on client versions of Windows
#

---------------  S U M M A R Y ------------

Command Line: --add-modules=ALL-SYSTEM --add-opens=java.base/java.util=ALL-UNNAMED --add-opens=java.base/java.lang=ALL-UNNAMED --add-opens=java.base/sun.nio.fs=ALL-UNNAMED -Declipse.application=org.eclipse.jdt.ls.core.id1 -Dosgi.bundles.defaultStartLevel=4 -Declipse.product=org.eclipse.jdt.ls.core.product -Djava.import.generatesMetadataFilesAtProjectRoot=false -DDetectVMInstallationsJob.disabled=true -Dfile.encoding=utf8 -XX:+UseParallelGC -XX:GCTimeRatio=4 -XX:AdaptiveSizePolicyWeight=90 -Dsun.zip.disableMemoryMapping=true -Xmx1G -Xms100m -Xlog:disable -javaagent:c:\Users\91988\.vscode\extensions\redhat.java-1.28.1-win32-x64\lombok\lombok-1.18.31.jar c:\Users\91988\.vscode\extensions\redhat.java-1.28.1-win32-x64\server\plugins\org.eclipse.equinox.launcher_1.6.700.v20231214-2017.jar -configuration c:\Users\91988\AppData\Roaming\Code\User\globalStorage\redhat.java\1.28.1\config_ss_win -data c:\Users\91988\AppData\Roaming\Code\User\workspaceStorage\664d0e1d44fa23161cb0b0b56b8b47c5\redhat.java\ss_ws --stdio

Host: AMD Ryzen 5 4600H with Radeon Graphics         , 12 cores, 7G,  Windows 10 , 64 bit Build 19041 (10.0.19041.3636)
Time: Sat Mar 30 18:47:23 2024 AUS Eastern Daylight Time elapsed time: 2.486008 seconds (0d 0h 0m 2s)

---------------  T H R E A D  ---------------

Current thread (0x00000239c6d703c0):  JavaThread "C2 CompilerThread0" daemon [_thread_in_native, id=6048, stack(0x0000004517d00000,0x0000004517e00000)]


Current CompileTask:
C2:   2486 2144       4       org.eclipse.core.internal.dtree.DataTreeReader::readNode (248 bytes)

Stack: [0x0000004517d00000,0x0000004517e00000]
Native frames: (J=compiled Java code, j=interpreted, Vv=VM code, C=native code)
V  [jvm.dll+0x67d2c9]
V  [jvm.dll+0x834afa]
V  [jvm.dll+0x8365be]
V  [jvm.dll+0x836c23]
V  [jvm.dll+0x2477ff]
V  [jvm.dll+0xac514]
V  [jvm.dll+0xacb5c]
V  [jvm.dll+0x3667d7]
V  [jvm.dll+0x1bcf72]
V  [jvm.dll+0x21a049]
V  [jvm.dll+0x219311]
V  [jvm.dll+0x1a502d]
V  [jvm.dll+0x2290de]
V  [jvm.dll+0x2272ac]
V  [jvm.dll+0x7e9bb7]
V  [jvm.dll+0x7e3fba]
V  [jvm.dll+0x67c1b5]
C  [ucrtbase.dll+0x21bb2]
C  [KERNEL32.DLL+0x17344]
C  [ntdll.dll+0x526b1]


---------------  P R O C E S S  ---------------

Threads class SMR info:
_java_thread_list=0x00000239c90acf60, length=21, elements={
0x00000239adb2fb30, 0x00000239c19c6420, 0x00000239c19c7b80, 0x00000239c19ce630,
0x00000239c6d673c0, 0x00000239c6d688f0, 0x00000239c6d6c1e0, 0x00000239c6d703c0,
0x00000239c6d7b3c0, 0x00000239c6d7c470, 0x00000239c6eb04f0, 0x00000239c6f5e330,
0x00000239c832cb80, 0x00000239c8d34900, 0x00000239c8ee6680, 0x00000239c8df7020,
0x00000239c8d64510, 0x00000239c8d7dc70, 0x00000239c8f84a90, 0x00000239c8f854b0,
0x00000239c8f87310
}

Java Threads: ( => current thread )
  0x00000239adb2fb30 JavaThread "main" [_thread_blocked, id=21960, stack(0x0000004517400000,0x0000004517500000)]
  0x00000239c19c6420 JavaThread "Reference Handler" daemon [_thread_blocked, id=20680, stack(0x0000004517700000,0x0000004517800000)]
  0x00000239c19c7b80 JavaThread "Finalizer" daemon [_thread_blocked, id=21320, stack(0x0000004517800000,0x0000004517900000)]
  0x00000239c19ce630 JavaThread "Signal Dispatcher" daemon [_thread_blocked, id=880, stack(0x0000004517900000,0x0000004517a00000)]
  0x00000239c6d673c0 JavaThread "Attach Listener" daemon [_thread_blocked, id=19096, stack(0x0000004517a00000,0x0000004517b00000)]
  0x00000239c6d688f0 JavaThread "Service Thread" daemon [_thread_blocked, id=13244, stack(0x0000004517b00000,0x0000004517c00000)]
  0x00000239c6d6c1e0 JavaThread "Monitor Deflation Thread" daemon [_thread_blocked, id=6004, stack(0x0000004517c00000,0x0000004517d00000)]
=>0x00000239c6d703c0 JavaThread "C2 CompilerThread0" daemon [_thread_in_native, id=6048, stack(0x0000004517d00000,0x0000004517e00000)]
  0x00000239c6d7b3c0 JavaThread "C1 CompilerThread0" daemon [_thread_blocked, id=16936, stack(0x0000004517e00000,0x0000004517f00000)]
  0x00000239c6d7c470 JavaThread "Sweeper thread" daemon [_thread_blocked, id=4952, stack(0x0000004517f00000,0x0000004518000000)]
  0x00000239c6eb04f0 JavaThread "Common-Cleaner" daemon [_thread_blocked, id=14844, stack(0x0000004518000000,0x0000004518100000)]
  0x00000239c6f5e330 JavaThread "C2 CompilerThread1" daemon [_thread_blocked, id=15040, stack(0x0000004518100000,0x0000004518200000)]
  0x00000239c832cb80 JavaThread "Notification Thread" daemon [_thread_blocked, id=6876, stack(0x0000004518200000,0x0000004518300000)]
  0x00000239c8d34900 JavaThread "Active Thread: Equinox Container: 2e6a900a-2742-4f79-abd7-74a2f94f26f2" [_thread_blocked, id=15016, stack(0x0000004518b00000,0x0000004518c00000)]
  0x00000239c8ee6680 JavaThread "Framework Event Dispatcher: Equinox Container: 2e6a900a-2742-4f79-abd7-74a2f94f26f2" daemon [_thread_blocked, id=12592, stack(0x0000004518400000,0x0000004518500000)]
  0x00000239c8df7020 JavaThread "Start Level: Equinox Container: 2e6a900a-2742-4f79-abd7-74a2f94f26f2" daemon [_thread_in_Java, id=6500, stack(0x0000004518c00000,0x0000004518d00000)]
  0x00000239c8d64510 JavaThread "SCR Component Actor" daemon [_thread_blocked, id=16260, stack(0x0000004518d00000,0x0000004518e00000)]
  0x00000239c8d7dc70 JavaThread "SCR Component Registry" daemon [_thread_blocked, id=18352, stack(0x0000004518f00000,0x0000004519000000)]
  0x00000239c8f84a90 JavaThread "Worker-JM" [_thread_blocked, id=9164, stack(0x0000004519000000,0x0000004519100000)]
  0x00000239c8f854b0 JavaThread "Worker-0: Checking project encoding" [_thread_blocked, id=16368, stack(0x0000004519300000,0x0000004519400000)]
  0x00000239c8f87310 JavaThread "Worker-1" [_thread_blocked, id=21060, stack(0x0000004519400000,0x0000004519500000)]

Other Threads:
  0x00000239adbc2100 VMThread "VM Thread" [stack: 0x0000004517600000,0x0000004517700000] [id=14148]
  0x00000239c833c260 WatcherThread [stack: 0x0000004518300000,0x0000004518400000] [id=15208]
  0x00000239adb4f490 GCTaskThread "GC Thread#0" [stack: 0x0000004517500000,0x0000004517600000] [id=17248]
  0x00000239c8bf40d0 GCTaskThread "GC Thread#1" [stack: 0x0000004518500000,0x0000004518600000] [id=2860]
  0x00000239c8bf4390 GCTaskThread "GC Thread#2" [stack: 0x0000004518600000,0x0000004518700000] [id=19072]
  0x00000239c8bf4650 GCTaskThread "GC Thread#3" [stack: 0x0000004518700000,0x0000004518800000] [id=13392]
  0x00000239c8bf4910 GCTaskThread "GC Thread#4" [stack: 0x0000004518800000,0x0000004518900000] [id=18304]
  0x00000239c8a9c2f0 GCTaskThread "GC Thread#5" [stack: 0x0000004518900000,0x0000004518a00000] [id=18704]
  0x00000239c8a9c5b0 GCTaskThread "GC Thread#6" [stack: 0x0000004518a00000,0x0000004518b00000] [id=21244]
  0x00000239c8a9bd70 GCTaskThread "GC Thread#7" [stack: 0x0000004518e00000,0x0000004518f00000] [id=13780]
  0x00000239c8a9b270 GCTaskThread "GC Thread#8" [stack: 0x0000004519100000,0x0000004519200000] [id=12936]
  0x00000239c8a9b530 GCTaskThread "GC Thread#9" [stack: 0x0000004519200000,0x0000004519300000] [id=12060]

Threads with active compile tasks:
C2 CompilerThread0     2501 2144       4       org.eclipse.core.internal.dtree.DataTreeReader::readNode (248 bytes)
C1 CompilerThread0     2501 2246   !   3       org.eclipse.osgi.framework.util.SecureAction::start (61 bytes)

VM state: not at safepoint (normal execution)

VM Mutex/Monitor currently owned by a thread: None

Heap address: 0x00000000c0000000, size: 1024 MB, Compressed Oops mode: 32-bit

CDS archive(s) not mapped
Compressed class space mapped at: 0x0000000100000000-0x0000000140000000, reserved size: 1073741824
Narrow klass base: 0x0000000000000000, Narrow klass shift: 3, Narrow klass range: 0x140000000

GC Precious Log:
 CPUs: 12 total, 12 available
 Memory: 8061M
 Large Page Support: Disabled
 NUMA Support: Disabled
 Compressed Oops: Enabled (32-bit)
 Alignments: Space 512K, Generation 512K, Heap 2M
 Heap Min Capacity: 100M
 Heap Initial Capacity: 100M
 Heap Max Capacity: 1G
 Pre-touch: Disabled
 Parallel Workers: 10

Heap:
 PSYoungGen      total 29696K, used 21226K [0x00000000eab00000, 0x00000000ecc00000, 0x0000000100000000)
  eden space 25600K, 66% used [0x00000000eab00000,0x00000000ebbbde98,0x00000000ec400000)
  from space 4096K, 99% used [0x00000000ec400000,0x00000000ec7fcaf8,0x00000000ec800000)
  to   space 4096K, 0% used [0x00000000ec800000,0x00000000ec800000,0x00000000ecc00000)
 ParOldGen       total 68608K, used 2570K [0x00000000c0000000, 0x00000000c4300000, 0x00000000eab00000)
  object space 68608K, 3% used [0x00000000c0000000,0x00000000c0282a30,0x00000000c4300000)
 Metaspace       used 21025K, committed 21504K, reserved 1114112K
  class space    used 2155K, committed 2368K, reserved 1048576K

Card table byte_map: [0x00000239ad4d0000,0x00000239ad6e0000] _byte_map_base: 0x00000239aced0000

Marking Bits: (ParMarkBitMap*) 0x00007ffe98e6d7d0
 Begin Bits: [0x00000239bf7d0000, 0x00000239c07d0000)
 End Bits:   [0x00000239c07d0000, 0x00000239c17d0000)

Polling page: 0x00000239aba60000

Metaspace:

Usage:
  Non-class:     18.43 MB used.
      Class:      2.10 MB used.
       Both:     20.53 MB used.

Virtual space:
  Non-class space:       64.00 MB reserved,      18.69 MB ( 29%) committed,  1 nodes.
      Class space:        1.00 GB reserved,       2.31 MB ( <1%) committed,  1 nodes.
             Both:        1.06 GB reserved,      21.00 MB (  2%) committed. 

Chunk freelists:
   Non-Class:  13.22 MB
       Class:  13.70 MB
        Both:  26.92 MB

MaxMetaspaceSize: unlimited
CompressedClassSpaceSize: 1.00 GB
Initial GC threshold: 21.00 MB
Current GC threshold: 21.00 MB
CDS: off
MetaspaceReclaimPolicy: balanced
 - commit_granule_bytes: 65536.
 - commit_granule_words: 8192.
 - virtual_space_node_default_size: 8388608.
 - enlarge_chunks_in_place: 1.
 - new_chunks_are_fully_committed: 0.
 - uncommit_free_chunks: 1.
 - use_allocation_guard: 0.
 - handle_deallocations: 1.


Internal statistics:

num_allocs_failed_limit: 0.
num_arena_births: 268.
num_arena_deaths: 0.
num_vsnodes_births: 2.
num_vsnodes_deaths: 0.
num_space_committed: 336.
num_space_uncommitted: 0.
num_chunks_returned_to_freelist: 0.
num_chunks_taken_from_freelist: 765.
num_chunk_merges: 0.
num_chunk_splits: 483.
num_chunks_enlarged: 334.
num_inconsistent_stats: 0.

CodeHeap 'non-profiled nmethods': size=120000Kb used=921Kb max_used=921Kb free=119078Kb
 bounds [0x00000239b82a0000, 0x00000239b8510000, 0x00000239bf7d0000]
CodeHeap 'profiled nmethods': size=120000Kb used=4308Kb max_used=4308Kb free=115691Kb
 bounds [0x00000239b07d0000, 0x00000239b0c10000, 0x00000239b7d00000]
CodeHeap 'non-nmethods': size=5760Kb used=1190Kb max_used=1208Kb free=4569Kb
 bounds [0x00000239b7d00000, 0x00000239b7f70000, 0x00000239b82a0000]
 total_blobs=2732 nmethods=2244 adapters=402
 compilation: enabled
              stopped_count=0, restarted_count=0
 full_count=0

Compilation events (20 events):
Event: 2.426 Thread 0x00000239c6d7b3c0 2215       3       com.sun.org.apache.xerces.internal.utils.XMLSecurityManager::isOverLimit (10 bytes)
Event: 2.426 Thread 0x00000239c6d7b3c0 nmethod 2215 0x00000239b0bf7590 code [0x00000239b0bf7740, 0x00000239b0bf78a8]
Event: 2.426 Thread 0x00000239c6d7b3c0 2216       3       com.sun.org.apache.xerces.internal.utils.XMLSecurityManager::isOverLimit (111 bytes)
Event: 2.426 Thread 0x00000239c6d7b3c0 nmethod 2216 0x00000239b0bf7990 code [0x00000239b0bf7ba0, 0x00000239b0bf81d8]
Event: 2.444 Thread 0x00000239c6d7b3c0 2217       1       java.lang.reflect.Constructor::getDeclaringClass (5 bytes)
Event: 2.444 Thread 0x00000239c6d7b3c0 nmethod 2217 0x00000239b8384090 code [0x00000239b8384220, 0x00000239b83842f8]
Event: 2.449 Thread 0x00000239c6d7b3c0 2219       3       sun.invoke.util.VerifyAccess::isMemberAccessible (338 bytes)
Event: 2.451 Thread 0x00000239c6d7b3c0 nmethod 2219 0x00000239b0bf8410 code [0x00000239b0bf87a0, 0x00000239b0bf9b48]
Event: 2.453 Thread 0x00000239c6d7b3c0 2223       3       java.lang.invoke.DirectMethodHandle::preparedLambdaForm (244 bytes)
Event: 2.455 Thread 0x00000239c6d7b3c0 nmethod 2223 0x00000239b0bfa090 code [0x00000239b0bfa380, 0x00000239b0bfb2b8]
Event: 2.456 Thread 0x00000239c6d7b3c0 2224       3       sun.invoke.util.Wrapper::isDoubleWord (15 bytes)
Event: 2.457 Thread 0x00000239c6d7b3c0 nmethod 2224 0x00000239b0bfb890 code [0x00000239b0bfba20, 0x00000239b0bfbb98]
Event: 2.457 Thread 0x00000239c6d7b3c0 2225       3       jdk.internal.org.objectweb.asm.Frame::accept (264 bytes)
Event: 2.458 Thread 0x00000239c6d7b3c0 nmethod 2225 0x00000239b0bfbc10 code [0x00000239b0bfbe40, 0x00000239b0bfc778]
Event: 2.458 Thread 0x00000239c6d7b3c0 2228       3       java.lang.invoke.LambdaForm$Name::internArguments (62 bytes)
Event: 2.459 Thread 0x00000239c6d7b3c0 nmethod 2228 0x00000239b0bfcb10 code [0x00000239b0bfcce0, 0x00000239b0bfd368]
Event: 2.459 Thread 0x00000239c6d7b3c0 2226       3       jdk.internal.org.objectweb.asm.MethodWriter::visitFrameStart (55 bytes)
Event: 2.459 Thread 0x00000239c6d7b3c0 nmethod 2226 0x00000239b0bfd510 code [0x00000239b0bfd6c0, 0x00000239b0bfd998]
Event: 2.459 Thread 0x00000239c6d7b3c0 2227       3       jdk.internal.org.objectweb.asm.MethodWriter::visitFrameEnd (53 bytes)
Event: 2.459 Thread 0x00000239c6d7b3c0 nmethod 2227 0x00000239b0bfdb10 code [0x00000239b0bfdcc0, 0x00000239b0bfe0a8]

GC Heap History (6 events):
Event: 0.854 GC heap before
{Heap before GC invocations=1 (full 0):
 PSYoungGen      total 29696K, used 25600K [0x00000000eab00000, 0x00000000ecc00000, 0x0000000100000000)
  eden space 25600K, 100% used [0x00000000eab00000,0x00000000ec400000,0x00000000ec400000)
  from space 4096K, 0% used [0x00000000ec800000,0x00000000ec800000,0x00000000ecc00000)
  to   space 4096K, 0% used [0x00000000ec400000,0x00000000ec400000,0x00000000ec800000)
 ParOldGen       total 68608K, used 0K [0x00000000c0000000, 0x00000000c4300000, 0x00000000eab00000)
  object space 68608K, 0% used [0x00000000c0000000,0x00000000c0000000,0x00000000c4300000)
 Metaspace       used 11016K, committed 11200K, reserved 1114112K
  class space    used 1098K, committed 1216K, reserved 1048576K
}
Event: 0.876 GC heap after
{Heap after GC invocations=1 (full 0):
 PSYoungGen      total 29696K, used 3173K [0x00000000eab00000, 0x00000000ecc00000, 0x0000000100000000)
  eden space 25600K, 0% used [0x00000000eab00000,0x00000000eab00000,0x00000000ec400000)
  from space 4096K, 77% used [0x00000000ec400000,0x00000000ec719710,0x00000000ec800000)
  to   space 4096K, 0% used [0x00000000ec800000,0x00000000ec800000,0x00000000ecc00000)
 ParOldGen       total 68608K, used 0K [0x00000000c0000000, 0x00000000c4300000, 0x00000000eab00000)
  object space 68608K, 0% used [0x00000000c0000000,0x00000000c0000000,0x00000000c4300000)
 Metaspace       used 11016K, committed 11200K, reserved 1114112K
  class space    used 1098K, committed 1216K, reserved 1048576K
}
Event: 1.537 GC heap before
{Heap before GC invocations=2 (full 0):
 PSYoungGen      total 29696K, used 28773K [0x00000000eab00000, 0x00000000ecc00000, 0x0000000100000000)
  eden space 25600K, 100% used [0x00000000eab00000,0x00000000ec400000,0x00000000ec400000)
  from space 4096K, 77% used [0x00000000ec400000,0x00000000ec719710,0x00000000ec800000)
  to   space 4096K, 0% used [0x00000000ec800000,0x00000000ec800000,0x00000000ecc00000)
 ParOldGen       total 68608K, used 0K [0x00000000c0000000, 0x00000000c4300000, 0x00000000eab00000)
  object space 68608K, 0% used [0x00000000c0000000,0x00000000c0000000,0x00000000c4300000)
 Metaspace       used 14948K, committed 15232K, reserved 1114112K
  class space    used 1519K, committed 1664K, reserved 1048576K
}
Event: 1.543 GC heap after
{Heap after GC invocations=2 (full 0):
 PSYoungGen      total 29696K, used 4083K [0x00000000eab00000, 0x00000000ecc00000, 0x0000000100000000)
  eden space 25600K, 0% used [0x00000000eab00000,0x00000000eab00000,0x00000000ec400000)
  from space 4096K, 99% used [0x00000000ec800000,0x00000000ecbfcde8,0x00000000ecc00000)
  to   space 4096K, 0% used [0x00000000ec400000,0x00000000ec400000,0x00000000ec800000)
 ParOldGen       total 68608K, used 756K [0x00000000c0000000, 0x00000000c4300000, 0x00000000eab00000)
  object space 68608K, 1% used [0x00000000c0000000,0x00000000c00bd020,0x00000000c4300000)
 Metaspace       used 14948K, committed 15232K, reserved 1114112K
  class space    used 1519K, committed 1664K, reserved 1048576K
}
Event: 2.077 GC heap before
{Heap before GC invocations=3 (full 0):
 PSYoungGen      total 29696K, used 29683K [0x00000000eab00000, 0x00000000ecc00000, 0x0000000100000000)
  eden space 25600K, 100% used [0x00000000eab00000,0x00000000ec400000,0x00000000ec400000)
  from space 4096K, 99% used [0x00000000ec800000,0x00000000ecbfcde8,0x00000000ecc00000)
  to   space 4096K, 0% used [0x00000000ec400000,0x00000000ec400000,0x00000000ec800000)
 ParOldGen       total 68608K, used 756K [0x00000000c0000000, 0x00000000c4300000, 0x00000000eab00000)
  object space 68608K, 1% used [0x00000000c0000000,0x00000000c00bd020,0x00000000c4300000)
 Metaspace       used 19988K, committed 20352K, reserved 1114112K
  class space    used 2038K, committed 2176K, reserved 1048576K
}
Event: 2.083 GC heap after
{Heap after GC invocations=3 (full 0):
 PSYoungGen      total 29696K, used 4082K [0x00000000eab00000, 0x00000000ecc00000, 0x0000000100000000)
  eden space 25600K, 0% used [0x00000000eab00000,0x00000000eab00000,0x00000000ec400000)
  from space 4096K, 99% used [0x00000000ec400000,0x00000000ec7fcaf8,0x00000000ec800000)
  to   space 4096K, 0% used [0x00000000ec800000,0x00000000ec800000,0x00000000ecc00000)
 ParOldGen       total 68608K, used 2570K [0x00000000c0000000, 0x00000000c4300000, 0x00000000eab00000)
  object space 68608K, 3% used [0x00000000c0000000,0x00000000c0282a30,0x00000000c4300000)
 Metaspace       used 19988K, committed 20352K, reserved 1114112K
  class space    used 2038K, committed 2176K, reserved 1048576K
}

Dll operation events (9 events):
Event: 0.010 Loaded shared library c:\Users\91988\.vscode\extensions\redhat.java-1.28.1-win32-x64\jre\17.0.10-win32-x86_64\bin\java.dll
Event: 0.143 Loaded shared library c:\Users\91988\.vscode\extensions\redhat.java-1.28.1-win32-x64\jre\17.0.10-win32-x86_64\bin\zip.dll
Event: 0.145 Loaded shared library C:\Users\91988\.vscode\extensions\redhat.java-1.28.1-win32-x64\jre\17.0.10-win32-x86_64\bin\instrument.dll
Event: 0.164 Loaded shared library C:\Users\91988\.vscode\extensions\redhat.java-1.28.1-win32-x64\jre\17.0.10-win32-x86_64\bin\net.dll
Event: 0.167 Loaded shared library C:\Users\91988\.vscode\extensions\redhat.java-1.28.1-win32-x64\jre\17.0.10-win32-x86_64\bin\nio.dll
Event: 0.175 Loaded shared library C:\Users\91988\.vscode\extensions\redhat.java-1.28.1-win32-x64\jre\17.0.10-win32-x86_64\bin\zip.dll
Event: 0.189 Loaded shared library C:\Users\91988\.vscode\extensions\redhat.java-1.28.1-win32-x64\jre\17.0.10-win32-x86_64\bin\jimage.dll
Event: 0.243 Loaded shared library c:\Users\91988\.vscode\extensions\redhat.java-1.28.1-win32-x64\jre\17.0.10-win32-x86_64\bin\verify.dll
Event: 1.387 Loaded shared library C:\Users\91988\AppData\Roaming\Code\User\globalStorage\redhat.java\1.28.1\config_ss_win\org.eclipse.equinox.launcher\org.eclipse.equinox.launcher.win32.win32.x86_64_1.2.900.v20240129-1338\eclipse_11900.dll

Deoptimization events (20 events):
Event: 2.202 Thread 0x00000239c8df7020 Uncommon trap: trap_request=0xffffffcc fr.pc=0x00000239b837a0b4 relative=0x0000000000000314
Event: 2.202 Thread 0x00000239c8df7020 Uncommon trap: reason=intrinsic_or_type_checked_inlining action=make_not_entrant pc=0x00000239b837a0b4 method=java.util.Arrays.copyOf([Ljava/lang/Object;ILjava/lang/Class;)[Ljava/lang/Object; @ 35 c2
Event: 2.202 Thread 0x00000239c8df7020 DEOPT PACKING pc=0x00000239b837a0b4 sp=0x0000004518cf9220
Event: 2.202 Thread 0x00000239c8df7020 DEOPT UNPACKING pc=0x00000239b7d566a3 sp=0x0000004518cf91b0 mode 2
Event: 2.264 Thread 0x00000239c8df7020 Uncommon trap: trap_request=0x00000030 fr.pc=0x00000239b830e78c relative=0x0000000000000a0c
Event: 2.264 Thread 0x00000239c8df7020 Uncommon trap: reason=unloaded action=reinterpret pc=0x00000239b830e78c method=java.io.DataInputStream.readUnsignedShort()I @ 21 c2
Event: 2.264 Thread 0x00000239c8df7020 DEOPT PACKING pc=0x00000239b830e78c sp=0x0000004518cf9890
Event: 2.264 Thread 0x00000239c8df7020 DEOPT UNPACKING pc=0x00000239b7d566a3 sp=0x0000004518cf97c8 mode 2
Event: 2.291 Thread 0x00000239c8df7020 Uncommon trap: trap_request=0xffffff45 fr.pc=0x00000239b8379b10 relative=0x0000000000000090
Event: 2.291 Thread 0x00000239c8df7020 Uncommon trap: reason=unstable_if action=reinterpret pc=0x00000239b8379b10 method=org.eclipse.core.runtime.Path.<init>(Ljava/lang/String;[Ljava/lang/String;I)V @ 9 c2
Event: 2.291 Thread 0x00000239c8df7020 DEOPT PACKING pc=0x00000239b8379b10 sp=0x0000004518cf9770
Event: 2.291 Thread 0x00000239c8df7020 DEOPT UNPACKING pc=0x00000239b7d566a3 sp=0x0000004518cf9718 mode 2
Event: 2.328 Thread 0x00000239c8df7020 Uncommon trap: trap_request=0xffffff45 fr.pc=0x00000239b8337140 relative=0x0000000000000040
Event: 2.328 Thread 0x00000239c8df7020 Uncommon trap: reason=unstable_if action=reinterpret pc=0x00000239b8337140 method=sun.nio.fs.WindowsPathParser.isSlash(C)Z @ 9 c2
Event: 2.328 Thread 0x00000239c8df7020 DEOPT PACKING pc=0x00000239b8337140 sp=0x0000004518cf9340
Event: 2.328 Thread 0x00000239c8df7020 DEOPT UNPACKING pc=0x00000239b7d566a3 sp=0x0000004518cf92c8 mode 2
Event: 2.374 Thread 0x00000239c8df7020 Uncommon trap: trap_request=0xffffff45 fr.pc=0x00000239b8376940 relative=0x00000000000006e0
Event: 2.374 Thread 0x00000239c8df7020 Uncommon trap: reason=unstable_if action=reinterpret pc=0x00000239b8376940 method=java.io.BufferedInputStream.read([BII)I @ 56 c2
Event: 2.374 Thread 0x00000239c8df7020 DEOPT PACKING pc=0x00000239b8376940 sp=0x0000004518cf9260
Event: 2.374 Thread 0x00000239c8df7020 DEOPT UNPACKING pc=0x00000239b7d566a3 sp=0x0000004518cf9238 mode 2

Classes unloaded (0 events):
No events

Classes redefined (0 events):
No events

Internal exceptions (20 events):
Event: 1.718 Thread 0x00000239c8df7020 Exception <a 'java/lang/NoSuchMethodError'{0x00000000eb6011e8}: 'java.lang.Object java.lang.invoke.Invokers$Holder.invokeExact_MT(java.lang.Object, java.lang.Object, java.lang.Object, java.lang.Object, java.lang.Object, java.lang.Object)'> (0x00000000eb6011e8) 
thrown [s\src\hotspot\share\interpreter\linkResolver.cpp, line 759]
Event: 1.747 Thread 0x00000239c8df7020 Exception <a 'java/lang/NoSuchMethodError'{0x00000000eb71fae8}: 'java.lang.Object java.lang.invoke.Invokers$Holder.linkToTargetMethod(java.lang.Object, long, java.lang.Object)'> (0x00000000eb71fae8) 
thrown [s\src\hotspot\share\interpreter\linkResolver.cpp, line 759]
Event: 1.830 Thread 0x00000239c8df7020 Exception <a 'java/lang/NoSuchMethodError'{0x00000000ebabe8e8}: 'void java.lang.invoke.DirectMethodHandle$Holder.invokeInterface(java.lang.Object, java.lang.Object, java.lang.Object)'> (0x00000000ebabe8e8) 
thrown [s\src\hotspot\share\interpreter\linkResolver.cpp, line 759]
Event: 1.886 Thread 0x00000239c8df7020 Exception <a 'java/lang/NoSuchMethodError'{0x00000000ebde00c8}: 'void java.lang.invoke.DirectMethodHandle$Holder.invokeVirtual(java.lang.Object, java.lang.Object)'> (0x00000000ebde00c8) 
thrown [s\src\hotspot\share\interpreter\linkResolver.cpp, line 759]
Event: 1.908 Thread 0x00000239c8df7020 Exception <a 'java/lang/NoSuchMethodError'{0x00000000ebef0000}: 'java.lang.Object java.lang.invoke.DirectMethodHandle$Holder.invokeStatic(java.lang.Object, java.lang.Object, int)'> (0x00000000ebef0000) 
thrown [s\src\hotspot\share\interpreter\linkResolver.cpp, line 759]
Event: 1.909 Thread 0x00000239c8df7020 Exception <a 'java/lang/NoSuchMethodError'{0x00000000ebef4bb0}: 'void java.lang.invoke.DirectMethodHandle$Holder.invokeStatic(java.lang.Object, java.lang.Object, int, java.lang.Object)'> (0x00000000ebef4bb0) 
thrown [s\src\hotspot\share\interpreter\linkResolver.cpp, line 759]
Event: 1.911 Thread 0x00000239c8df7020 Exception <a 'java/lang/NoSuchMethodError'{0x00000000ebefc540}: 'void java.lang.invoke.DelegatingMethodHandle$Holder.delegate(java.lang.Object, java.lang.Object, int, java.lang.Object)'> (0x00000000ebefc540) 
thrown [s\src\hotspot\share\interpreter\linkResolver.cpp, line 759]
Event: 1.912 Thread 0x00000239c8df7020 Exception <a 'java/lang/NoSuchMethodError'{0x00000000ebf00928}: 'int java.lang.invoke.DirectMethodHandle$Holder.invokeSpecial(java.lang.Object, java.lang.Object, java.lang.Object)'> (0x00000000ebf00928) 
thrown [s\src\hotspot\share\interpreter\linkResolver.cpp, line 759]
Event: 1.914 Thread 0x00000239c8df7020 Exception <a 'java/lang/NoSuchMethodError'{0x00000000ebf12010}: 'int java.lang.invoke.DirectMethodHandle$Holder.invokeStatic(java.lang.Object, java.lang.Object, int)'> (0x00000000ebf12010) 
thrown [s\src\hotspot\share\interpreter\linkResolver.cpp, line 759]
Event: 1.915 Thread 0x00000239c8df7020 Exception <a 'java/lang/NoSuchMethodError'{0x00000000ebf16038}: 'int java.lang.invoke.DirectMethodHandle$Holder.invokeSpecial(java.lang.Object, java.lang.Object, java.lang.Object, int)'> (0x00000000ebf16038) 
thrown [s\src\hotspot\share\interpreter\linkResolver.cpp, line 759]
Event: 1.917 Thread 0x00000239c8df7020 Exception <a 'java/lang/NoSuchMethodError'{0x00000000ebf32018}: 'java.lang.Object java.lang.invoke.DirectMethodHandle$Holder.invokeStatic(java.lang.Object, java.lang.Object, java.lang.Object, java.lang.Object, int)'> (0x00000000ebf32018) 
thrown [s\src\hotspot\share\interpreter\linkResolver.cpp, line 759]
Event: 1.918 Thread 0x00000239c8df7020 Exception <a 'java/lang/NoSuchMethodError'{0x00000000ebf3e010}: 'java.lang.Object java.lang.invoke.DelegatingMethodHandle$Holder.reinvoke_L(java.lang.Object, java.lang.Object, java.lang.Object, java.lang.Object, int, int)'> (0x00000000ebf3e010) 
thrown [s\src\hotspot\share\interpreter\linkResolver.cpp, line 759]
Event: 1.921 Thread 0x00000239c8df7020 Exception <a 'java/lang/NoSuchMethodError'{0x00000000ebf52690}: 'java.lang.Object java.lang.invoke.Invokers$Holder.invokeExact_MT(java.lang.Object, java.lang.Object, java.lang.Object, java.lang.Object)'> (0x00000000ebf52690) 
thrown [s\src\hotspot\share\interpreter\linkResolver.cpp, line 759]
Event: 1.983 Thread 0x00000239c8df7020 Exception <a 'java/io/FileNotFoundException'{0x00000000ec1d6798}> (0x00000000ec1d6798) 
thrown [s\src\hotspot\share\prims\jni.cpp, line 516]
Event: 1.984 Thread 0x00000239c8df7020 Exception <a 'java/io/FileNotFoundException'{0x00000000ec1dd940}> (0x00000000ec1dd940) 
thrown [s\src\hotspot\share\prims\jni.cpp, line 516]
Event: 2.208 Thread 0x00000239c8df7020 Exception <a 'java/lang/NoSuchMethodError'{0x00000000eb638f30}: 'java.lang.Object java.lang.invoke.DirectMethodHandle$Holder.newInvokeSpecial(java.lang.Object, java.lang.Object, java.lang.Object, java.lang.Object, java.lang.Object)'> (0x00000000eb638f30) 
thrown [s\src\hotspot\share\interpreter\linkResolver.cpp, line 759]
Event: 2.449 Thread 0x00000239c8df7020 Exception <a 'java/lang/NoSuchMethodError'{0x00000000eb9e6fd8}: 'java.lang.Object java.lang.invoke.DirectMethodHandle$Holder.invokeSpecial(java.lang.Object, java.lang.Object, java.lang.Object, long, java.lang.Object)'> (0x00000000eb9e6fd8) 
thrown [s\src\hotspot\share\interpreter\linkResolver.cpp, line 759]
Event: 2.450 Thread 0x00000239c8df7020 Exception <a 'java/lang/NoSuchMethodError'{0x00000000eb9ef190}: 'java.lang.Object java.lang.invoke.DirectMethodHandle$Holder.newInvokeSpecial(java.lang.Object, java.lang.Object, java.lang.Object, long)'> (0x00000000eb9ef190) 
thrown [s\src\hotspot\share\interpreter\linkResolver.cpp, line 759]
Event: 2.450 Thread 0x00000239c8df7020 Exception <a 'java/lang/NoSuchMethodError'{0x00000000eb9f3730}: 'java.lang.Object java.lang.invoke.DirectMethodHandle$Holder.invokeSpecial(java.lang.Object, java.lang.Object, java.lang.Object, java.lang.Object, long)'> (0x00000000eb9f3730) 
thrown [s\src\hotspot\share\interpreter\linkResolver.cpp, line 759]
Event: 2.451 Thread 0x00000239c8df7020 Exception <a 'java/lang/NoSuchMethodError'{0x00000000eb9f75a8}: 'java.lang.Object java.lang.invoke.Invokers$Holder.linkToTargetMethod(java.lang.Object, java.lang.Object, long, java.lang.Object)'> (0x00000000eb9f75a8) 
thrown [s\src\hotspot\share\interpreter\linkResolver.cpp, line 759]

VM Operations (20 events):
Event: 0.854 Executing VM operation: ParallelGCFailedAllocation
Event: 0.876 Executing VM operation: ParallelGCFailedAllocation done
Event: 1.143 Executing VM operation: HandshakeAllThreads
Event: 1.143 Executing VM operation: HandshakeAllThreads done
Event: 1.144 Executing VM operation: HandshakeAllThreads
Event: 1.144 Executing VM operation: HandshakeAllThreads done
Event: 1.152 Executing VM operation: HandshakeAllThreads
Event: 1.152 Executing VM operation: HandshakeAllThreads done
Event: 1.177 Executing VM operation: HandshakeAllThreads
Event: 1.177 Executing VM operation: HandshakeAllThreads done
Event: 1.485 Executing VM operation: HandshakeAllThreads
Event: 1.485 Executing VM operation: HandshakeAllThreads done
Event: 1.537 Executing VM operation: ParallelGCFailedAllocation
Event: 1.543 Executing VM operation: ParallelGCFailedAllocation done
Event: 1.787 Executing VM operation: HandshakeAllThreads
Event: 1.787 Executing VM operation: HandshakeAllThreads done
Event: 1.908 Executing VM operation: HandshakeAllThreads
Event: 1.908 Executing VM operation: HandshakeAllThreads done
Event: 2.077 Executing VM operation: ParallelGCFailedAllocation
Event: 2.083 Executing VM operation: ParallelGCFailedAllocation done

Events (20 events):
Event: 2.315 loading class sun/nio/fs/WindowsFileAttributeViews$Dos done
Event: 2.327 loading class sun/nio/fs/WindowsUriSupport
Event: 2.327 loading class sun/nio/fs/WindowsUriSupport done
Event: 2.348 loading class org/xml/sax/SAXParseException
Event: 2.348 loading class org/xml/sax/SAXParseException done
Event: 2.351 loading class javax/xml/parsers/DocumentBuilderFactory
Event: 2.351 loading class javax/xml/parsers/DocumentBuilderFactory done
Event: 2.353 loading class com/sun/org/apache/xerces/internal/jaxp/DocumentBuilderFactoryImpl
Event: 2.353 loading class com/sun/org/apache/xerces/internal/jaxp/DocumentBuilderFactoryImpl done
Event: 2.354 loading class com/sun/org/apache/xerces/internal/jaxp/DocumentBuilderImpl
Event: 2.355 loading class javax/xml/parsers/DocumentBuilder
Event: 2.355 loading class javax/xml/parsers/DocumentBuilder done
Event: 2.355 loading class com/sun/org/apache/xerces/internal/jaxp/DocumentBuilderImpl done
Event: 2.355 loading class com/sun/org/apache/xerces/internal/parsers/DOMParser
Event: 2.356 loading class com/sun/org/apache/xerces/internal/parsers/AbstractDOMParser
Event: 2.356 loading class com/sun/org/apache/xerces/internal/parsers/AbstractDOMParser done
Event: 2.356 loading class com/sun/org/apache/xerces/internal/parsers/DOMParser done
Event: 2.452 loading class java/util/function/LongUnaryOperator
Event: 2.452 loading class java/util/function/LongUnaryOperator done
Event: 2.459 Thread 0x00000239c8f854b0 Thread added: 0x00000239c8f854b0


Dynamic libraries:
0x00007ff737640000 - 0x00007ff73764e000 	c:\Users\91988\.vscode\extensions\redhat.java-1.28.1-win32-x64\jre\17.0.10-win32-x86_64\bin\java.exe
0x00007fff24890000 - 0x00007fff24a88000 	C:\Windows\SYSTEM32\ntdll.dll
0x00007fff22c00000 - 0x00007fff22cbd000 	C:\Windows\System32\KERNEL32.DLL
0x00007fff21fd0000 - 0x00007fff222c6000 	C:\Windows\System32\KERNELBASE.dll
0x00007fff22710000 - 0x00007fff22810000 	C:\Windows\System32\ucrtbase.dll
0x00007fff1d840000 - 0x00007fff1d857000 	c:\Users\91988\.vscode\extensions\redhat.java-1.28.1-win32-x64\jre\17.0.10-win32-x86_64\bin\jli.dll
0x00007ffef4c50000 - 0x00007ffef4c6b000 	c:\Users\91988\.vscode\extensions\redhat.java-1.28.1-win32-x64\jre\17.0.10-win32-x86_64\bin\VCRUNTIME140.dll
0x00007fff23920000 - 0x00007fff23abe000 	C:\Windows\System32\USER32.dll
0x00007fff0dc60000 - 0x00007fff0defa000 	C:\Windows\WinSxS\amd64_microsoft.windows.common-controls_6595b64144ccf1df_6.0.19041.3636_none_60b6a03d71f818d5\COMCTL32.dll
0x00007fff223c0000 - 0x00007fff223e2000 	C:\Windows\System32\win32u.dll
0x00007fff23660000 - 0x00007fff236fe000 	C:\Windows\System32\msvcrt.dll
0x00007fff23370000 - 0x00007fff2339b000 	C:\Windows\System32\GDI32.dll
0x00007fff223f0000 - 0x00007fff22507000 	C:\Windows\System32\gdi32full.dll
0x00007fff22670000 - 0x00007fff2270d000 	C:\Windows\System32\msvcp_win.dll
0x00007fff23700000 - 0x00007fff23732000 	C:\Windows\System32\IMM32.DLL
0x00007fff00fd0000 - 0x00007fff00fdc000 	c:\Users\91988\.vscode\extensions\redhat.java-1.28.1-win32-x64\jre\17.0.10-win32-x86_64\bin\vcruntime140_1.dll
0x00007ffee8d00000 - 0x00007ffee8d8d000 	c:\Users\91988\.vscode\extensions\redhat.java-1.28.1-win32-x64\jre\17.0.10-win32-x86_64\bin\msvcp140.dll
0x00007ffe982d0000 - 0x00007ffe98f32000 	c:\Users\91988\.vscode\extensions\redhat.java-1.28.1-win32-x64\jre\17.0.10-win32-x86_64\bin\server\jvm.dll
0x00007fff22990000 - 0x00007fff22a40000 	C:\Windows\System32\ADVAPI32.dll
0x00007fff233a0000 - 0x00007fff23440000 	C:\Windows\System32\sechost.dll
0x00007fff22da0000 - 0x00007fff22ec5000 	C:\Windows\System32\RPCRT4.dll
0x00007fff22390000 - 0x00007fff223b7000 	C:\Windows\System32\bcrypt.dll
0x00007fff21460000 - 0x00007fff214ab000 	C:\Windows\SYSTEM32\POWRPROF.dll
0x00007ffef4fe0000 - 0x00007ffef4fe9000 	C:\Windows\SYSTEM32\WSOCK32.dll
0x00007fff22a40000 - 0x00007fff22aab000 	C:\Windows\System32\WS2_32.dll
0x00007fff1a150000 - 0x00007fff1a15a000 	C:\Windows\SYSTEM32\VERSION.dll
0x00007fff188f0000 - 0x00007fff18917000 	C:\Windows\SYSTEM32\WINMM.dll
0x00007fff21320000 - 0x00007fff21332000 	C:\Windows\SYSTEM32\UMPDC.dll
0x00007fff20740000 - 0x00007fff20752000 	C:\Windows\SYSTEM32\kernel.appcore.dll
0x00007ffef6a80000 - 0x00007ffef6a8a000 	c:\Users\91988\.vscode\extensions\redhat.java-1.28.1-win32-x64\jre\17.0.10-win32-x86_64\bin\jimage.dll
0x00007fff1fd80000 - 0x00007fff1ff64000 	C:\Windows\SYSTEM32\DBGHELP.DLL
0x00007fff14540000 - 0x00007fff14574000 	C:\Windows\SYSTEM32\dbgcore.DLL
0x00007fff21f40000 - 0x00007fff21fc2000 	C:\Windows\System32\bcryptPrimitives.dll
0x00007ffef5090000 - 0x00007ffef509e000 	c:\Users\91988\.vscode\extensions\redhat.java-1.28.1-win32-x64\jre\17.0.10-win32-x86_64\bin\instrument.dll
0x00007ffeeb3f0000 - 0x00007ffeeb415000 	c:\Users\91988\.vscode\extensions\redhat.java-1.28.1-win32-x64\jre\17.0.10-win32-x86_64\bin\java.dll
0x00007ffef4a30000 - 0x00007ffef4a48000 	c:\Users\91988\.vscode\extensions\redhat.java-1.28.1-win32-x64\jre\17.0.10-win32-x86_64\bin\zip.dll
0x00007fff23ac0000 - 0x00007fff2422b000 	C:\Windows\System32\SHELL32.dll
0x00007fff1ff90000 - 0x00007fff2072e000 	C:\Windows\SYSTEM32\windows.storage.dll
0x00007fff22ed0000 - 0x00007fff23223000 	C:\Windows\System32\combase.dll
0x00007fff21970000 - 0x00007fff2199e000 	C:\Windows\SYSTEM32\Wldp.dll
0x00007fff228c0000 - 0x00007fff2298d000 	C:\Windows\System32\OLEAUT32.dll
0x00007fff23230000 - 0x00007fff232dd000 	C:\Windows\System32\SHCORE.dll
0x00007fff23600000 - 0x00007fff23655000 	C:\Windows\System32\shlwapi.dll
0x00007fff21e70000 - 0x00007fff21e95000 	C:\Windows\SYSTEM32\profapi.dll
0x00007ffeef800000 - 0x00007ffeef819000 	C:\Users\91988\.vscode\extensions\redhat.java-1.28.1-win32-x64\jre\17.0.10-win32-x86_64\bin\net.dll
0x00007fff1a860000 - 0x00007fff1a96a000 	C:\Windows\SYSTEM32\WINHTTP.dll
0x00007fff21690000 - 0x00007fff216fa000 	C:\Windows\system32\mswsock.dll
0x00007ffeed650000 - 0x00007ffeed666000 	C:\Users\91988\.vscode\extensions\redhat.java-1.28.1-win32-x64\jre\17.0.10-win32-x86_64\bin\nio.dll
0x00007fff16ad0000 - 0x00007fff16ae0000 	c:\Users\91988\.vscode\extensions\redhat.java-1.28.1-win32-x64\jre\17.0.10-win32-x86_64\bin\verify.dll
0x00007ffefc9a0000 - 0x00007ffefc9de000 	C:\Users\91988\AppData\Roaming\Code\User\globalStorage\redhat.java\1.28.1\config_ss_win\org.eclipse.equinox.launcher\org.eclipse.equinox.launcher.win32.win32.x86_64_1.2.900.v20240129-1338\eclipse_11900.dll
0x00007fff24250000 - 0x00007fff2437b000 	C:\Windows\System32\ole32.dll

dbghelp: loaded successfully - version: 4.0.5 - missing functions: none
symbol engine: initialized successfully - sym options: 0x614 - pdb path: .;c:\Users\91988\.vscode\extensions\redhat.java-1.28.1-win32-x64\jre\17.0.10-win32-x86_64\bin;C:\Windows\SYSTEM32;C:\Windows\WinSxS\amd64_microsoft.windows.common-controls_6595b64144ccf1df_6.0.19041.3636_none_60b6a03d71f818d5;c:\Users\91988\.vscode\extensions\redhat.java-1.28.1-win32-x64\jre\17.0.10-win32-x86_64\bin\server;C:\Users\91988\AppData\Roaming\Code\User\globalStorage\redhat.java\1.28.1\config_ss_win\org.eclipse.equinox.launcher\org.eclipse.equinox.launcher.win32.win32.x86_64_1.2.900.v20240129-1338

VM Arguments:
jvm_args: --add-modules=ALL-SYSTEM --add-opens=java.base/java.util=ALL-UNNAMED --add-opens=java.base/java.lang=ALL-UNNAMED --add-opens=java.base/sun.nio.fs=ALL-UNNAMED -Declipse.application=org.eclipse.jdt.ls.core.id1 -Dosgi.bundles.defaultStartLevel=4 -Declipse.product=org.eclipse.jdt.ls.core.product -Djava.import.generatesMetadataFilesAtProjectRoot=false -DDetectVMInstallationsJob.disabled=true -Dfile.encoding=utf8 -XX:+UseParallelGC -XX:GCTimeRatio=4 -XX:AdaptiveSizePolicyWeight=90 -Dsun.zip.disableMemoryMapping=true -Xmx1G -Xms100m -Xlog:disable -javaagent:c:\Users\91988\.vscode\extensions\redhat.java-1.28.1-win32-x64\lombok\lombok-1.18.31.jar 
java_command: c:\Users\91988\.vscode\extensions\redhat.java-1.28.1-win32-x64\server\plugins\org.eclipse.equinox.launcher_1.6.700.v20231214-2017.jar -configuration c:\Users\91988\AppData\Roaming\Code\User\globalStorage\redhat.java\1.28.1\config_ss_win -data c:\Users\91988\AppData\Roaming\Code\User\workspaceStorage\664d0e1d44fa23161cb0b0b56b8b47c5\redhat.java\ss_ws --stdio
java_class_path (initial): c:\Users\91988\.vscode\extensions\redhat.java-1.28.1-win32-x64\server\plugins\org.eclipse.equinox.launcher_1.6.700.v20231214-2017.jar
Launcher Type: SUN_STANDARD

[Global flags]
    uintx AdaptiveSizePolicyWeight                 = 90                                        {product} {command line}
     intx CICompilerCount                          = 4                                         {product} {ergonomic}
    uintx GCTimeRatio                              = 4                                         {product} {command line}
   size_t InitialHeapSize                          = 104857600                                 {product} {command line}
   size_t MaxHeapSize                              = 1073741824                                {product} {command line}
   size_t MaxNewSize                               = 357564416                                 {product} {ergonomic}
   size_t MinHeapDeltaBytes                        = 524288                                    {product} {ergonomic}
   size_t MinHeapSize                              = 104857600                                 {product} {command line}
   size_t NewSize                                  = 34603008                                  {product} {ergonomic}
    uintx NonNMethodCodeHeapSize                   = 5839372                                {pd product} {ergonomic}
    uintx NonProfiledCodeHeapSize                  = 122909434                              {pd product} {ergonomic}
   size_t OldSize                                  = 70254592                                  {product} {ergonomic}
    uintx ProfiledCodeHeapSize                     = 122909434                              {pd product} {ergonomic}
    uintx ReservedCodeCacheSize                    = 251658240                              {pd product} {ergonomic}
     bool SegmentedCodeCache                       = true                                      {product} {ergonomic}
   size_t SoftMaxHeapSize                          = 1073741824                             {manageable} {ergonomic}
     bool UseCompressedClassPointers               = true                           {product lp64_product} {ergonomic}
     bool UseCompressedOops                        = true                           {product lp64_product} {ergonomic}
     bool UseLargePagesIndividualAllocation        = false                                  {pd product} {ergonomic}
     bool UseParallelGC                            = true                                      {product} {command line}

Logging:
Log output configuration:
 #0: stdout all=off uptime,level,tags
 #1: stderr all=off uptime,level,tags

Environment Variables:
JAVA_HOME=C:\Program Files\Java\jdk-17.0.1\bin
PATH=C:\Program Files\Common Files\Oracle\Java\javapath;C:\Program Files\NVIDIA GPU Computing Toolkit\CUDA\v11.7\bin;C:\Program Files\NVIDIA GPU Computing Toolkit\CUDA\v11.7\libnvvp;C:\Windows\system32\cmd.exe;C:\Program Files\NVIDIA Corporation\Nsight Compute 2022.2.0\;C:\Program Files\NVIDIA Corporation\NVIDIA NvDLISR;C:\Program Files\Git\cmd;C:\Program Files\Git\bin\;C:\Program Files\nodejs\;C:\Program Files\Java\jdk-17.0.1\bin;C:\Program Files\Cloudflare\Cloudflare WARP\;C:\Program Files\dotnet\;D:\Python3\Scripts\;D:\Python3\;C:\Program Files\JetBrains\IntelliJ IDEA 2021.3\lib;C:\Users\91988\AppData\Local\Programs\Microsoft VS Code\bin;C:\Users\91988\AppData\Roaming\npm;C:\Windows\System32;C:\Windows\System32\;C:\Users\91988\Documents\ffmpeg-2023-11-09-git-acf63d5350-full_build\ffmpeg-2023-11-09-git-acf63d5350-full_build\bin;C:\Program Files\Git\usr\bin;
USERNAME=91988
OS=Windows_NT
PROCESSOR_IDENTIFIER=AMD64 Family 23 Model 96 Stepping 1, AuthenticAMD
TMP=C:\Users\91988\AppData\Local\Temp
TEMP=C:\Users\91988\AppData\Local\Temp



Periodic native trim disabled


---------------  S Y S T E M  ---------------

OS:
 Windows 10 , 64 bit Build 19041 (10.0.19041.3636)
OS uptime: 0 days 12:30 hours
Hyper-V role detected

CPU: total 12 (initial active 12) (12 cores per cpu, 2 threads per core) family 23 model 96 stepping 1 microcode 0x0, cx8, cmov, fxsr, ht, mmx, 3dnowpref, sse, sse2, sse3, ssse3, sse4a, sse4.1, sse4.2, popcnt, lzcnt, tsc, tscinvbit, avx, avx2, aes, clmul, bmi1, bmi2, adx, sha, fma, vzeroupper, clflush, clflushopt, hv
Processor Information for all 12 processors :
  Max Mhz: 3000, Current Mhz: 3000, Mhz Limit: 3000

Memory: 4k page, system-wide physical 8061M (531M free)
TotalPageFile size 17357M (AvailPageFile size 6M)
current process WorkingSet (physical memory assigned to process): 109M, peak: 110M
current process commit charge ("private bytes"): 229M, peak: 229M

vm_info: OpenJDK 64-Bit Server VM (17.0.10+7) for windows-amd64 JRE (17.0.10+7), built on Jan 16 2024 23:25:11 by "admin" with MS VC++ 16.10 / 16.11 (VS2019)

END.
