#
# There is insufficient memory for the Java Runtime Environment to continue.
# Native memory allocation (malloc) failed to allocate 664944 bytes for Chunk::new
# Possible reasons:
#   The system is out of physical RAM or swap space
#   The process is running with CompressedOops enabled, and the Java Heap may be blocking the growth of the native heap
# Possible solutions:
#   Reduce memory load on the system
#   Increase physical memory or swap space
#   Check if swap backing store is full
#   Decrease Java heap size (-Xmx/-Xms)
#   Decrease number of Java threads
#   Decrease Java thread stack sizes (-Xss)
#   Set larger code cache with -XX:ReservedCodeCacheSize=
#   JVM is running with Unscaled Compressed Oops mode in which the Java heap is
#     placed in the first 4GB address space. The Java Heap base address is the
#     maximum limit for the native heap growth. Please use -XX:HeapBaseMinAddress
#     to set the Java Heap base and to place the Java Heap above 4GB virtual address.
# This output file may be truncated or incomplete.
#
#  Out of Memory Error (arena.cpp:191), pid=14984, tid=14612
#
# JRE version: OpenJDK Runtime Environment Temurin-17.0.10+7 (17.0.10+7) (build 17.0.10+7)
# Java VM: OpenJDK 64-Bit Server VM Temurin-17.0.10+7 (17.0.10+7, mixed mode, tiered, compressed oops, compressed class ptrs, parallel gc, windows-amd64)
# No core dump will be written. Minidumps are not enabled by default on client versions of Windows
#

---------------  S U M M A R Y ------------

Command Line: --add-modules=ALL-SYSTEM --add-opens=java.base/java.util=ALL-UNNAMED --add-opens=java.base/java.lang=ALL-UNNAMED --add-opens=java.base/sun.nio.fs=ALL-UNNAMED -Declipse.application=org.eclipse.jdt.ls.core.id1 -Dosgi.bundles.defaultStartLevel=4 -Declipse.product=org.eclipse.jdt.ls.core.product -Djava.import.generatesMetadataFilesAtProjectRoot=false -DDetectVMInstallationsJob.disabled=true -Dfile.encoding=utf8 -XX:+UseParallelGC -XX:GCTimeRatio=4 -XX:AdaptiveSizePolicyWeight=90 -Dsun.zip.disableMemoryMapping=true -Xmx1G -Xms100m -Xlog:disable -javaagent:c:\Users\91988\.vscode\extensions\redhat.java-1.28.1-win32-x64\lombok\lombok-1.18.31.jar c:\Users\91988\.vscode\extensions\redhat.java-1.28.1-win32-x64\server\plugins\org.eclipse.equinox.launcher_1.6.700.v20231214-2017.jar -configuration c:\Users\91988\AppData\Roaming\Code\User\globalStorage\redhat.java\1.28.1\config_ss_win -data c:\Users\91988\AppData\Roaming\Code\User\workspaceStorage\664d0e1d44fa23161cb0b0b56b8b47c5\redhat.java\ss_ws --stdio

Host: AMD Ryzen 5 4600H with Radeon Graphics         , 12 cores, 7G,  Windows 10 , 64 bit Build 19041 (10.0.19041.3636)
Time: Sat Mar 30 18:47:21 2024 AUS Eastern Daylight Time elapsed time: 2.445569 seconds (0d 0h 0m 2s)

---------------  T H R E A D  ---------------

Current thread (0x00000201e63eabe0):  JavaThread "C2 CompilerThread1" daemon [_thread_in_native, id=14612, stack(0x000000e41b200000,0x000000e41b300000)]


Current CompileTask:
C2:   2445 1458       4       java.io.WinNTFileSystem::normalize (143 bytes)

Stack: [0x000000e41b200000,0x000000e41b300000]
Native frames: (J=compiled Java code, j=interpreted, Vv=VM code, C=native code)
V  [jvm.dll+0x67d2c9]
V  [jvm.dll+0x834afa]
V  [jvm.dll+0x8365be]
V  [jvm.dll+0x836c23]
V  [jvm.dll+0x2477ff]
V  [jvm.dll+0xac514]
V  [jvm.dll+0xacb5c]
V  [jvm.dll+0x3667d7]
V  [jvm.dll+0x330bfa]
V  [jvm.dll+0x33009a]
V  [jvm.dll+0x219ef1]
V  [jvm.dll+0x219311]
V  [jvm.dll+0x1a502d]
V  [jvm.dll+0x2290de]
V  [jvm.dll+0x2272ac]
V  [jvm.dll+0x7e9bb7]
V  [jvm.dll+0x7e3fba]
V  [jvm.dll+0x67c1b5]
C  [ucrtbase.dll+0x21bb2]
C  [KERNEL32.DLL+0x17344]
C  [ntdll.dll+0x526b1]


---------------  P R O C E S S  ---------------

Threads class SMR info:
_java_thread_list=0x00000201e7f277b0, length=16, elements={
0x00000201caef4400, 0x00000201e0ce3a30, 0x00000201e0ce66f0, 0x00000201e60c8150,
0x00000201e60c8fd0, 0x00000201e60cbd60, 0x00000201e60cded0, 0x00000201e60cebc0,
0x00000201e60cff50, 0x00000201e60d5a00, 0x00000201e61c3f20, 0x00000201e63e35a0,
0x00000201e63eabe0, 0x00000201e7e13470, 0x00000201e7f5a060, 0x00000201e8008830
}

Java Threads: ( => current thread )
  0x00000201caef4400 JavaThread "main" [_thread_in_native, id=19680, stack(0x000000e419d00000,0x000000e419e00000)]
  0x00000201e0ce3a30 JavaThread "Reference Handler" daemon [_thread_blocked, id=18344, stack(0x000000e41a000000,0x000000e41a100000)]
  0x00000201e0ce66f0 JavaThread "Finalizer" daemon [_thread_blocked, id=9784, stack(0x000000e41a100000,0x000000e41a200000)]
  0x00000201e60c8150 JavaThread "Signal Dispatcher" daemon [_thread_blocked, id=13332, stack(0x000000e41a200000,0x000000e41a300000)]
  0x00000201e60c8fd0 JavaThread "Attach Listener" daemon [_thread_blocked, id=13252, stack(0x000000e41a300000,0x000000e41a400000)]
  0x00000201e60cbd60 JavaThread "Service Thread" daemon [_thread_blocked, id=10672, stack(0x000000e41a400000,0x000000e41a500000)]
  0x00000201e60cded0 JavaThread "Monitor Deflation Thread" daemon [_thread_blocked, id=11116, stack(0x000000e41a500000,0x000000e41a600000)]
  0x00000201e60cebc0 JavaThread "C2 CompilerThread0" daemon [_thread_blocked, id=17764, stack(0x000000e41a600000,0x000000e41a700000)]
  0x00000201e60cff50 JavaThread "C1 CompilerThread0" daemon [_thread_blocked, id=19360, stack(0x000000e41a700000,0x000000e41a800000)]
  0x00000201e60d5a00 JavaThread "Sweeper thread" daemon [_thread_blocked, id=16988, stack(0x000000e41a800000,0x000000e41a900000)]
  0x00000201e61c3f20 JavaThread "Common-Cleaner" daemon [_thread_blocked, id=13328, stack(0x000000e41a900000,0x000000e41aa00000)]
  0x00000201e63e35a0 JavaThread "Notification Thread" daemon [_thread_blocked, id=22228, stack(0x000000e41aa00000,0x000000e41ab00000)]
=>0x00000201e63eabe0 JavaThread "C2 CompilerThread1" daemon [_thread_in_native, id=14612, stack(0x000000e41b200000,0x000000e41b300000)]
  0x00000201e7e13470 JavaThread "Active Thread: Equinox Container: 891624d1-2efa-40fc-8df6-c7b8167cdb0c" [_thread_blocked, id=16932, stack(0x000000e41b400000,0x000000e41b500000)]
  0x00000201e7f5a060 JavaThread "Framework Event Dispatcher: Equinox Container: 891624d1-2efa-40fc-8df6-c7b8167cdb0c" daemon [_thread_blocked, id=22044, stack(0x000000e41b300000,0x000000e41b400000)]
  0x00000201e8008830 JavaThread "Start Level: Equinox Container: 891624d1-2efa-40fc-8df6-c7b8167cdb0c" daemon [_thread_in_native, id=21772, stack(0x000000e41b500000,0x000000e41b600000)]

Other Threads:
  0x00000201caf7b0b0 VMThread "VM Thread" [stack: 0x000000e419f00000,0x000000e41a000000] [id=11424]
  0x00000201e63dce40 WatcherThread [stack: 0x000000e41ab00000,0x000000e41ac00000] [id=19380]
  0x00000201caf0ca00 GCTaskThread "GC Thread#0" [stack: 0x000000e419e00000,0x000000e419f00000] [id=6060]
  0x00000201e7df7c70 GCTaskThread "GC Thread#1" [stack: 0x000000e41ac00000,0x000000e41ad00000] [id=11408]
  0x00000201e776c380 GCTaskThread "GC Thread#2" [stack: 0x000000e41ad00000,0x000000e41ae00000] [id=21632]
  0x00000201e7bc9030 GCTaskThread "GC Thread#3" [stack: 0x000000e41ae00000,0x000000e41af00000] [id=12184]
  0x00000201e7bc92f0 GCTaskThread "GC Thread#4" [stack: 0x000000e41af00000,0x000000e41b000000] [id=11100]
  0x00000201e7bc95b0 GCTaskThread "GC Thread#5" [stack: 0x000000e41b000000,0x000000e41b100000] [id=14712]
  0x00000201e8045070 GCTaskThread "GC Thread#6" [stack: 0x000000e41b100000,0x000000e41b200000] [id=15932]

Threads with active compile tasks:
C2 CompilerThread1     2460 1458       4       java.io.WinNTFileSystem::normalize (143 bytes)

VM state: not at safepoint (normal execution)

VM Mutex/Monitor currently owned by a thread: None

Heap address: 0x00000000c0000000, size: 1024 MB, Compressed Oops mode: 32-bit

CDS archive(s) not mapped
Compressed class space mapped at: 0x0000000100000000-0x0000000140000000, reserved size: 1073741824
Narrow klass base: 0x0000000000000000, Narrow klass shift: 3, Narrow klass range: 0x140000000

GC Precious Log:
 CPUs: 12 total, 12 available
 Memory: 8061M
 Large Page Support: Disabled
 NUMA Support: Disabled
 Compressed Oops: Enabled (32-bit)
 Alignments: Space 512K, Generation 512K, Heap 2M
 Heap Min Capacity: 100M
 Heap Initial Capacity: 100M
 Heap Max Capacity: 1G
 Pre-touch: Disabled
 Parallel Workers: 10

Heap:
 PSYoungGen      total 29696K, used 23568K [0x00000000eab00000, 0x00000000ecc00000, 0x0000000100000000)
  eden space 25600K, 79% used [0x00000000eab00000,0x00000000ebee71d0,0x00000000ec400000)
  from space 4096K, 77% used [0x00000000ec400000,0x00000000ec71d130,0x00000000ec800000)
  to   space 4096K, 0% used [0x00000000ec800000,0x00000000ec800000,0x00000000ecc00000)
 ParOldGen       total 68608K, used 8K [0x00000000c0000000, 0x00000000c4300000, 0x00000000eab00000)
  object space 68608K, 0% used [0x00000000c0000000,0x00000000c0002000,0x00000000c4300000)
 Metaspace       used 13900K, committed 14080K, reserved 1114112K
  class space    used 1384K, committed 1472K, reserved 1048576K

Card table byte_map: [0x00000201de560000,0x00000201de770000] _byte_map_base: 0x00000201ddf60000

Marking Bits: (ParMarkBitMap*) 0x00007ffe98e6d7d0
 Begin Bits: [0x00000201de8d0000, 0x00000201df8d0000)
 End Bits:   [0x00000201df8d0000, 0x00000201e08d0000)

Polling page: 0x00000201cafb0000

Metaspace:

Usage:
  Non-class:     12.22 MB used.
      Class:      1.35 MB used.
       Both:     13.57 MB used.

Virtual space:
  Non-class space:       64.00 MB reserved,      12.31 MB ( 19%) committed,  1 nodes.
      Class space:        1.00 GB reserved,       1.44 MB ( <1%) committed,  1 nodes.
             Both:        1.06 GB reserved,      13.75 MB (  1%) committed. 

Chunk freelists:
   Non-Class:  3.31 MB
       Class:  14.48 MB
        Both:  17.79 MB

MaxMetaspaceSize: unlimited
CompressedClassSpaceSize: 1.00 GB
Initial GC threshold: 21.00 MB
Current GC threshold: 21.00 MB
CDS: off
MetaspaceReclaimPolicy: balanced
 - commit_granule_bytes: 65536.
 - commit_granule_words: 8192.
 - virtual_space_node_default_size: 8388608.
 - enlarge_chunks_in_place: 1.
 - new_chunks_are_fully_committed: 0.
 - uncommit_free_chunks: 1.
 - use_allocation_guard: 0.
 - handle_deallocations: 1.


Internal statistics:

num_allocs_failed_limit: 0.
num_arena_births: 54.
num_arena_deaths: 0.
num_vsnodes_births: 2.
num_vsnodes_deaths: 0.
num_space_committed: 220.
num_space_uncommitted: 0.
num_chunks_returned_to_freelist: 0.
num_chunks_taken_from_freelist: 222.
num_chunk_merges: 0.
num_chunk_splits: 150.
num_chunks_enlarged: 121.
num_inconsistent_stats: 0.

CodeHeap 'non-profiled nmethods': size=120000Kb used=623Kb max_used=623Kb free=119376Kb
 bounds [0x00000201d6e50000, 0x00000201d70c0000, 0x00000201de380000]
CodeHeap 'profiled nmethods': size=120000Kb used=2711Kb max_used=2711Kb free=117288Kb
 bounds [0x00000201cf380000, 0x00000201cf630000, 0x00000201d68b0000]
CodeHeap 'non-nmethods': size=5760Kb used=1155Kb max_used=1173Kb free=4604Kb
 bounds [0x00000201d68b0000, 0x00000201d6b20000, 0x00000201d6e50000]
 total_blobs=1947 nmethods=1496 adapters=365
 compilation: enabled
              stopped_count=0, restarted_count=0
 full_count=0

Compilation events (20 events):
Event: 2.425 Thread 0x00000201e60cff50 1471       3       java.lang.StringLatin1::toChars (16 bytes)
Event: 2.425 Thread 0x00000201e60cff50 nmethod 1471 0x00000201cf61af90 code [0x00000201cf61b140, 0x00000201cf61b308]
Event: 2.427 Thread 0x00000201e60cff50 1473       3       java.io.File::slashify (84 bytes)
Event: 2.428 Thread 0x00000201e60cff50 nmethod 1473 0x00000201cf61b410 code [0x00000201cf61b720, 0x00000201cf61c5a8]
Event: 2.432 Thread 0x00000201e60cff50 1474       3       sun.net.util.IPAddressUtil::scan (62 bytes)
Event: 2.433 Thread 0x00000201e60cff50 nmethod 1474 0x00000201cf61cb10 code [0x00000201cf61cd40, 0x00000201cf61d628]
Event: 2.435 Thread 0x00000201e60cebc0 nmethod 1465% 0x00000201d6ee7a10 code [0x00000201d6ee7c00, 0x00000201d6ee8d98]
Event: 2.435 Thread 0x00000201e60cebc0 1468       4       java.lang.StringLatin1::inflate (34 bytes)
Event: 2.440 Thread 0x00000201e60cebc0 nmethod 1468 0x00000201d6ee9710 code [0x00000201d6ee9880, 0x00000201d6ee9b38]
Event: 2.440 Thread 0x00000201e60cebc0 1472       4       java.lang.StringLatin1::toLowerCase (186 bytes)
Event: 2.442 Thread 0x00000201e60cff50 1476       1       org.eclipse.osgi.container.Module::getLocation (5 bytes)
Event: 2.442 Thread 0x00000201e60cff50 nmethod 1476 0x00000201d6ee9c10 code [0x00000201d6ee9da0, 0x00000201d6ee9e78]
Event: 2.442 Thread 0x00000201e60cff50 1479       3       org.eclipse.osgi.internal.framework.EquinoxBundle::getBundle (2 bytes)
Event: 2.442 Thread 0x00000201e60cff50 nmethod 1479 0x00000201cf61da10 code [0x00000201cf61dba0, 0x00000201cf61dcb8]
Event: 2.442 Thread 0x00000201e60cff50 1477       3       org.eclipse.osgi.internal.framework.EquinoxContainer::checkAdminPermission (27 bytes)
Event: 2.442 Thread 0x00000201e60cff50 nmethod 1477 0x00000201cf61dd90 code [0x00000201cf61df80, 0x00000201cf61e3f8]
Event: 2.442 Thread 0x00000201e60cff50 1478       3       org.eclipse.osgi.internal.framework.EquinoxBundle::getLocation (21 bytes)
Event: 2.442 Thread 0x00000201e60cff50 nmethod 1478 0x00000201cf61e610 code [0x00000201cf61e7c0, 0x00000201cf61ea28]
Event: 2.442 Thread 0x00000201e60cff50 1482       1       org.eclipse.osgi.internal.framework.EquinoxBundle$EquinoxModule::getBundle (5 bytes)
Event: 2.442 Thread 0x00000201e60cff50 nmethod 1482 0x00000201d6ee9f10 code [0x00000201d6eea0a0, 0x00000201d6eea178]

GC Heap History (2 events):
Event: 1.460 GC heap before
{Heap before GC invocations=1 (full 0):
 PSYoungGen      total 29696K, used 25600K [0x00000000eab00000, 0x00000000ecc00000, 0x0000000100000000)
  eden space 25600K, 100% used [0x00000000eab00000,0x00000000ec400000,0x00000000ec400000)
  from space 4096K, 0% used [0x00000000ec800000,0x00000000ec800000,0x00000000ecc00000)
  to   space 4096K, 0% used [0x00000000ec400000,0x00000000ec400000,0x00000000ec800000)
 ParOldGen       total 68608K, used 0K [0x00000000c0000000, 0x00000000c4300000, 0x00000000eab00000)
  object space 68608K, 0% used [0x00000000c0000000,0x00000000c0000000,0x00000000c4300000)
 Metaspace       used 11015K, committed 11200K, reserved 1114112K
  class space    used 1098K, committed 1216K, reserved 1048576K
}
Event: 1.470 GC heap after
{Heap after GC invocations=1 (full 0):
 PSYoungGen      total 29696K, used 3188K [0x00000000eab00000, 0x00000000ecc00000, 0x0000000100000000)
  eden space 25600K, 0% used [0x00000000eab00000,0x00000000eab00000,0x00000000ec400000)
  from space 4096K, 77% used [0x00000000ec400000,0x00000000ec71d130,0x00000000ec800000)
  to   space 4096K, 0% used [0x00000000ec800000,0x00000000ec800000,0x00000000ecc00000)
 ParOldGen       total 68608K, used 8K [0x00000000c0000000, 0x00000000c4300000, 0x00000000eab00000)
  object space 68608K, 0% used [0x00000000c0000000,0x00000000c0002000,0x00000000c4300000)
 Metaspace       used 11015K, committed 11200K, reserved 1114112K
  class space    used 1098K, committed 1216K, reserved 1048576K
}

Dll operation events (8 events):
Event: 0.012 Loaded shared library c:\Users\91988\.vscode\extensions\redhat.java-1.28.1-win32-x64\jre\17.0.10-win32-x86_64\bin\java.dll
Event: 0.272 Loaded shared library c:\Users\91988\.vscode\extensions\redhat.java-1.28.1-win32-x64\jre\17.0.10-win32-x86_64\bin\zip.dll
Event: 0.277 Loaded shared library C:\Users\91988\.vscode\extensions\redhat.java-1.28.1-win32-x64\jre\17.0.10-win32-x86_64\bin\instrument.dll
Event: 0.291 Loaded shared library C:\Users\91988\.vscode\extensions\redhat.java-1.28.1-win32-x64\jre\17.0.10-win32-x86_64\bin\net.dll
Event: 0.292 Loaded shared library C:\Users\91988\.vscode\extensions\redhat.java-1.28.1-win32-x64\jre\17.0.10-win32-x86_64\bin\nio.dll
Event: 0.300 Loaded shared library C:\Users\91988\.vscode\extensions\redhat.java-1.28.1-win32-x64\jre\17.0.10-win32-x86_64\bin\zip.dll
Event: 0.330 Loaded shared library C:\Users\91988\.vscode\extensions\redhat.java-1.28.1-win32-x64\jre\17.0.10-win32-x86_64\bin\jimage.dll
Event: 0.427 Loaded shared library c:\Users\91988\.vscode\extensions\redhat.java-1.28.1-win32-x64\jre\17.0.10-win32-x86_64\bin\verify.dll

Deoptimization events (20 events):
Event: 2.012 Thread 0x00000201caef4400 DEOPT PACKING pc=0x00000201cf3f0445 sp=0x000000e419df39a0
Event: 2.012 Thread 0x00000201caef4400 DEOPT UNPACKING pc=0x00000201d6906e43 sp=0x000000e419df2e50 mode 0
Event: 2.046 Thread 0x00000201caef4400 Uncommon trap: trap_request=0xffffffc6 fr.pc=0x00000201d6e7809c relative=0x000000000000027c
Event: 2.046 Thread 0x00000201caef4400 Uncommon trap: reason=bimorphic_or_optimized_type_check action=maybe_recompile pc=0x00000201d6e7809c method=java.util.Collections$UnmodifiableCollection$1.next()Ljava/lang/Object; @ 4 c2
Event: 2.046 Thread 0x00000201caef4400 DEOPT PACKING pc=0x00000201d6e7809c sp=0x000000e419df7bc0
Event: 2.046 Thread 0x00000201caef4400 DEOPT UNPACKING pc=0x00000201d69066a3 sp=0x000000e419df7b70 mode 2
Event: 2.046 Thread 0x00000201caef4400 Uncommon trap: trap_request=0xffffffc6 fr.pc=0x00000201d6e7809c relative=0x000000000000027c
Event: 2.046 Thread 0x00000201caef4400 Uncommon trap: reason=bimorphic_or_optimized_type_check action=maybe_recompile pc=0x00000201d6e7809c method=java.util.Collections$UnmodifiableCollection$1.next()Ljava/lang/Object; @ 4 c2
Event: 2.046 Thread 0x00000201caef4400 DEOPT PACKING pc=0x00000201d6e7809c sp=0x000000e419df7bc0
Event: 2.046 Thread 0x00000201caef4400 DEOPT UNPACKING pc=0x00000201d69066a3 sp=0x000000e419df7b70 mode 2
Event: 2.294 Thread 0x00000201caef4400 Uncommon trap: trap_request=0xffffffde fr.pc=0x00000201d6eb9cd8 relative=0x0000000000000918
Event: 2.294 Thread 0x00000201caef4400 Uncommon trap: reason=class_check action=maybe_recompile pc=0x00000201d6eb9cd8 method=java.util.HashMap.putVal(ILjava/lang/Object;Ljava/lang/Object;ZZ)Ljava/lang/Object; @ 253 c2
Event: 2.294 Thread 0x00000201caef4400 DEOPT PACKING pc=0x00000201d6eb9cd8 sp=0x000000e419dfd9f0
Event: 2.294 Thread 0x00000201caef4400 DEOPT UNPACKING pc=0x00000201d69066a3 sp=0x000000e419dfd970 mode 2
Event: 2.296 Thread 0x00000201caef4400 Uncommon trap: trap_request=0xffffffde fr.pc=0x00000201d6eb9cd8 relative=0x0000000000000918
Event: 2.296 Thread 0x00000201caef4400 Uncommon trap: reason=class_check action=maybe_recompile pc=0x00000201d6eb9cd8 method=java.util.HashMap.putVal(ILjava/lang/Object;Ljava/lang/Object;ZZ)Ljava/lang/Object; @ 253 c2
Event: 2.296 Thread 0x00000201caef4400 DEOPT PACKING pc=0x00000201d6eb9cd8 sp=0x000000e419dfd9f0
Event: 2.296 Thread 0x00000201caef4400 DEOPT UNPACKING pc=0x00000201d69066a3 sp=0x000000e419dfd970 mode 2
Event: 2.353 Thread 0x00000201caef4400 DEOPT PACKING pc=0x00000201cf498661 sp=0x000000e419dfc410
Event: 2.353 Thread 0x00000201caef4400 DEOPT UNPACKING pc=0x00000201d6906e43 sp=0x000000e419dfb898 mode 0

Classes unloaded (0 events):
No events

Classes redefined (0 events):
No events

Internal exceptions (20 events):
Event: 0.910 Thread 0x00000201caef4400 Exception <a 'java/io/FileNotFoundException'{0x00000000eb869ac8}> (0x00000000eb869ac8) 
thrown [s\src\hotspot\share\prims\jni.cpp, line 516]
Event: 0.910 Thread 0x00000201caef4400 Exception <a 'java/io/FileNotFoundException'{0x00000000eb86a788}> (0x00000000eb86a788) 
thrown [s\src\hotspot\share\prims\jni.cpp, line 516]
Event: 0.922 Thread 0x00000201caef4400 Implicit null exception at 0x00000201d6e72df2 to 0x00000201d6e73310
Event: 0.926 Thread 0x00000201caef4400 Exception <a 'java/io/FileNotFoundException'{0x00000000eb8a5590}> (0x00000000eb8a5590) 
thrown [s\src\hotspot\share\prims\jni.cpp, line 516]
Event: 1.175 Thread 0x00000201caef4400 Exception <a 'java/lang/ClassNotFoundException'{0x00000000ec0a9708}: sun/net/www/protocol/c/Handler> (0x00000000ec0a9708) 
thrown [s\src\hotspot\share\classfile\systemDictionary.cpp, line 256]
Event: 1.176 Thread 0x00000201caef4400 Exception <a 'java/lang/ClassNotFoundException'{0x00000000ec0aaa18}: sun/net/www/protocol/d/Handler> (0x00000000ec0aaa18) 
thrown [s\src\hotspot\share\classfile\systemDictionary.cpp, line 256]
Event: 1.176 Thread 0x00000201caef4400 Exception <a 'java/lang/ClassNotFoundException'{0x00000000ec0abb48}: sun/net/www/protocol/c/Handler> (0x00000000ec0abb48) 
thrown [s\src\hotspot\share\classfile\systemDictionary.cpp, line 256]
Event: 1.191 Thread 0x00000201caef4400 Exception <a 'java/io/FileNotFoundException'{0x00000000ec0cf288}> (0x00000000ec0cf288) 
thrown [s\src\hotspot\share\prims\jni.cpp, line 516]
Event: 1.299 Thread 0x00000201caef4400 Implicit null exception at 0x00000201d6ea48fb to 0x00000201d6ea5284
Event: 1.299 Thread 0x00000201caef4400 Implicit null exception at 0x00000201d6e9d5ec to 0x00000201d6e9d7c8
Event: 1.299 Thread 0x00000201caef4400 Implicit null exception at 0x00000201d6e9ecec to 0x00000201d6e9eebc
Event: 1.299 Thread 0x00000201caef4400 Implicit null exception at 0x00000201d6e9508f to 0x00000201d6e95105
Event: 1.432 Thread 0x00000201caef4400 Exception <a 'java/lang/NoSuchMethodError'{0x00000000ec3a11c8}: 'int java.lang.invoke.DirectMethodHandle$Holder.invokeStaticInit(java.lang.Object, java.lang.Object, java.lang.Object, java.lang.Object)'> (0x00000000ec3a11c8) 
thrown [s\src\hotspot\share\interpreter\linkResolver.cpp, line 759]
Event: 1.436 Thread 0x00000201caef4400 Exception <a 'java/lang/NoSuchMethodError'{0x00000000ec3ab838}: 'java.lang.Object java.lang.invoke.DirectMethodHandle$Holder.invokeInterface(java.lang.Object, java.lang.Object)'> (0x00000000ec3ab838) 
thrown [s\src\hotspot\share\interpreter\linkResolver.cpp, line 759]
Event: 1.437 Thread 0x00000201caef4400 Exception <a 'java/lang/IncompatibleClassChangeError'{0x00000000ec3af030}: Found class java.lang.Object, but interface was expected> (0x00000000ec3af030) 
thrown [s\src\hotspot\share\interpreter\linkResolver.cpp, line 826]
Event: 1.439 Thread 0x00000201caef4400 Exception <a 'java/lang/NoSuchMethodError'{0x00000000ec3b3520}: 'void java.lang.invoke.DirectMethodHandle$Holder.invokeStatic(java.lang.Object, java.lang.Object)'> (0x00000000ec3b3520) 
thrown [s\src\hotspot\share\interpreter\linkResolver.cpp, line 759]
Event: 1.439 Thread 0x00000201caef4400 Exception <a 'java/lang/NoSuchMethodError'{0x00000000ec3b6d20}: 'void java.lang.invoke.DirectMethodHandle$Holder.invokeStaticInit(java.lang.Object, java.lang.Object)'> (0x00000000ec3b6d20) 
thrown [s\src\hotspot\share\interpreter\linkResolver.cpp, line 759]
Event: 1.442 Thread 0x00000201caef4400 Exception <a 'java/lang/NoSuchMethodError'{0x00000000ec3be388}: 'int java.lang.invoke.DirectMethodHandle$Holder.invokeStaticInit(java.lang.Object, java.lang.Object)'> (0x00000000ec3be388) 
thrown [s\src\hotspot\share\interpreter\linkResolver.cpp, line 759]
Event: 1.531 Thread 0x00000201caef4400 Exception <a 'java/lang/NoSuchMethodError'{0x00000000eabea458}: 'void java.lang.invoke.DirectMethodHandle$Holder.invokeSpecial(java.lang.Object, java.lang.Object, java.lang.Object)'> (0x00000000eabea458) 
thrown [s\src\hotspot\share\interpreter\linkResolver.cpp, line 759]
Event: 2.265 Thread 0x00000201caef4400 Exception <a 'java/lang/NoSuchMethodError'{0x00000000eb8b4178}: 'java.lang.Object java.lang.invoke.DirectMethodHandle$Holder.newInvokeSpecial(java.lang.Object, int, java.lang.Object)'> (0x00000000eb8b4178) 
thrown [s\src\hotspot\share\interpreter\linkResolver.cpp, line 759]

VM Operations (20 events):
Event: 0.353 Executing VM operation: HandshakeAllThreads
Event: 0.353 Executing VM operation: HandshakeAllThreads done
Event: 0.858 Executing VM operation: HandshakeAllThreads
Event: 0.858 Executing VM operation: HandshakeAllThreads done
Event: 0.884 Executing VM operation: HandshakeAllThreads
Event: 0.884 Executing VM operation: HandshakeAllThreads done
Event: 1.123 Executing VM operation: ICBufferFull
Event: 1.123 Executing VM operation: ICBufferFull done
Event: 1.138 Executing VM operation: HandshakeAllThreads
Event: 1.138 Executing VM operation: HandshakeAllThreads done
Event: 1.460 Executing VM operation: ParallelGCFailedAllocation
Event: 1.470 Executing VM operation: ParallelGCFailedAllocation done
Event: 2.212 Executing VM operation: HandshakeAllThreads
Event: 2.212 Executing VM operation: HandshakeAllThreads done
Event: 2.213 Executing VM operation: HandshakeAllThreads
Event: 2.213 Executing VM operation: HandshakeAllThreads done
Event: 2.224 Executing VM operation: HandshakeAllThreads
Event: 2.224 Executing VM operation: HandshakeAllThreads done
Event: 2.252 Executing VM operation: HandshakeAllThreads
Event: 2.252 Executing VM operation: HandshakeAllThreads done

Events (20 events):
Event: 2.303 loading class java/net/ContentHandlerFactory
Event: 2.303 loading class java/net/ContentHandlerFactory done
Event: 2.308 loading class java/net/ContentHandler
Event: 2.308 loading class java/net/ContentHandler done
Event: 2.334 loading class javax/xml/parsers/ParserConfigurationException
Event: 2.334 loading class javax/xml/parsers/ParserConfigurationException done
Event: 2.342 loading class java/security/KeyStoreException
Event: 2.343 loading class java/security/KeyStoreException done
Event: 2.371 loading class java/util/LinkedList$Node
Event: 2.371 loading class java/util/LinkedList$Node done
Event: 2.371 loading class java/util/LinkedList$ListItr
Event: 2.371 loading class java/util/LinkedList$ListItr done
Event: 2.382 loading class sun/nio/fs/WindowsChannelFactory
Event: 2.382 loading class sun/nio/fs/WindowsChannelFactory done
Event: 2.382 loading class sun/nio/fs/WindowsChannelFactory$1
Event: 2.382 loading class sun/nio/fs/WindowsChannelFactory$1 done
Event: 2.382 loading class sun/nio/fs/WindowsChannelFactory$Flags
Event: 2.382 loading class sun/nio/fs/WindowsChannelFactory$Flags done
Event: 2.383 loading class sun/nio/ch/FileChannelImpl$Closer
Event: 2.383 loading class sun/nio/ch/FileChannelImpl$Closer done


Dynamic libraries:
0x00007ff737640000 - 0x00007ff73764e000 	c:\Users\91988\.vscode\extensions\redhat.java-1.28.1-win32-x64\jre\17.0.10-win32-x86_64\bin\java.exe
0x00007fff24890000 - 0x00007fff24a88000 	C:\Windows\SYSTEM32\ntdll.dll
0x00007fff22c00000 - 0x00007fff22cbd000 	C:\Windows\System32\KERNEL32.DLL
0x00007fff21fd0000 - 0x00007fff222c6000 	C:\Windows\System32\KERNELBASE.dll
0x00007fff22710000 - 0x00007fff22810000 	C:\Windows\System32\ucrtbase.dll
0x00007ffef4c50000 - 0x00007ffef4c6b000 	c:\Users\91988\.vscode\extensions\redhat.java-1.28.1-win32-x64\jre\17.0.10-win32-x86_64\bin\VCRUNTIME140.dll
0x00007fff1d840000 - 0x00007fff1d857000 	c:\Users\91988\.vscode\extensions\redhat.java-1.28.1-win32-x64\jre\17.0.10-win32-x86_64\bin\jli.dll
0x00007fff23920000 - 0x00007fff23abe000 	C:\Windows\System32\USER32.dll
0x00007fff223c0000 - 0x00007fff223e2000 	C:\Windows\System32\win32u.dll
0x00007fff0dc60000 - 0x00007fff0defa000 	C:\Windows\WinSxS\amd64_microsoft.windows.common-controls_6595b64144ccf1df_6.0.19041.3636_none_60b6a03d71f818d5\COMCTL32.dll
0x00007fff23370000 - 0x00007fff2339b000 	C:\Windows\System32\GDI32.dll
0x00007fff23660000 - 0x00007fff236fe000 	C:\Windows\System32\msvcrt.dll
0x00007fff223f0000 - 0x00007fff22507000 	C:\Windows\System32\gdi32full.dll
0x00007fff22670000 - 0x00007fff2270d000 	C:\Windows\System32\msvcp_win.dll
0x00007fff23700000 - 0x00007fff23732000 	C:\Windows\System32\IMM32.DLL
0x00007fff00fd0000 - 0x00007fff00fdc000 	c:\Users\91988\.vscode\extensions\redhat.java-1.28.1-win32-x64\jre\17.0.10-win32-x86_64\bin\vcruntime140_1.dll
0x00007ffee8d00000 - 0x00007ffee8d8d000 	c:\Users\91988\.vscode\extensions\redhat.java-1.28.1-win32-x64\jre\17.0.10-win32-x86_64\bin\msvcp140.dll
0x00007ffe982d0000 - 0x00007ffe98f32000 	c:\Users\91988\.vscode\extensions\redhat.java-1.28.1-win32-x64\jre\17.0.10-win32-x86_64\bin\server\jvm.dll
0x00007fff22990000 - 0x00007fff22a40000 	C:\Windows\System32\ADVAPI32.dll
0x00007fff233a0000 - 0x00007fff23440000 	C:\Windows\System32\sechost.dll
0x00007fff22da0000 - 0x00007fff22ec5000 	C:\Windows\System32\RPCRT4.dll
0x00007fff22390000 - 0x00007fff223b7000 	C:\Windows\System32\bcrypt.dll
0x00007fff21460000 - 0x00007fff214ab000 	C:\Windows\SYSTEM32\POWRPROF.dll
0x00007fff188f0000 - 0x00007fff18917000 	C:\Windows\SYSTEM32\WINMM.dll
0x00007fff1a150000 - 0x00007fff1a15a000 	C:\Windows\SYSTEM32\VERSION.dll
0x00007ffef4fe0000 - 0x00007ffef4fe9000 	C:\Windows\SYSTEM32\WSOCK32.dll
0x00007fff22a40000 - 0x00007fff22aab000 	C:\Windows\System32\WS2_32.dll
0x00007fff21320000 - 0x00007fff21332000 	C:\Windows\SYSTEM32\UMPDC.dll
0x00007fff20740000 - 0x00007fff20752000 	C:\Windows\SYSTEM32\kernel.appcore.dll
0x00007ffef6a80000 - 0x00007ffef6a8a000 	c:\Users\91988\.vscode\extensions\redhat.java-1.28.1-win32-x64\jre\17.0.10-win32-x86_64\bin\jimage.dll
0x00007fff1fd80000 - 0x00007fff1ff64000 	C:\Windows\SYSTEM32\DBGHELP.DLL
0x00007fff14540000 - 0x00007fff14574000 	C:\Windows\SYSTEM32\dbgcore.DLL
0x00007fff21f40000 - 0x00007fff21fc2000 	C:\Windows\System32\bcryptPrimitives.dll
0x00007ffef5090000 - 0x00007ffef509e000 	c:\Users\91988\.vscode\extensions\redhat.java-1.28.1-win32-x64\jre\17.0.10-win32-x86_64\bin\instrument.dll
0x00007ffeeb3f0000 - 0x00007ffeeb415000 	c:\Users\91988\.vscode\extensions\redhat.java-1.28.1-win32-x64\jre\17.0.10-win32-x86_64\bin\java.dll
0x00007ffef4a30000 - 0x00007ffef4a48000 	c:\Users\91988\.vscode\extensions\redhat.java-1.28.1-win32-x64\jre\17.0.10-win32-x86_64\bin\zip.dll
0x00007fff23ac0000 - 0x00007fff2422b000 	C:\Windows\System32\SHELL32.dll
0x00007fff1ff90000 - 0x00007fff2072e000 	C:\Windows\SYSTEM32\windows.storage.dll
0x00007fff22ed0000 - 0x00007fff23223000 	C:\Windows\System32\combase.dll
0x00007fff21970000 - 0x00007fff2199e000 	C:\Windows\SYSTEM32\Wldp.dll
0x00007fff228c0000 - 0x00007fff2298d000 	C:\Windows\System32\OLEAUT32.dll
0x00007fff23230000 - 0x00007fff232dd000 	C:\Windows\System32\SHCORE.dll
0x00007fff23600000 - 0x00007fff23655000 	C:\Windows\System32\shlwapi.dll
0x00007fff21e70000 - 0x00007fff21e95000 	C:\Windows\SYSTEM32\profapi.dll
0x00007ffeef800000 - 0x00007ffeef819000 	C:\Users\91988\.vscode\extensions\redhat.java-1.28.1-win32-x64\jre\17.0.10-win32-x86_64\bin\net.dll
0x00007fff1a860000 - 0x00007fff1a96a000 	C:\Windows\SYSTEM32\WINHTTP.dll
0x00007fff21690000 - 0x00007fff216fa000 	C:\Windows\system32\mswsock.dll
0x00007ffeed650000 - 0x00007ffeed666000 	C:\Users\91988\.vscode\extensions\redhat.java-1.28.1-win32-x64\jre\17.0.10-win32-x86_64\bin\nio.dll
0x00007fff16ad0000 - 0x00007fff16ae0000 	c:\Users\91988\.vscode\extensions\redhat.java-1.28.1-win32-x64\jre\17.0.10-win32-x86_64\bin\verify.dll
0x00007ffee95d0000 - 0x00007ffee960e000 	C:\Users\91988\AppData\Roaming\Code\User\globalStorage\redhat.java\1.28.1\config_ss_win\org.eclipse.equinox.launcher\org.eclipse.equinox.launcher.win32.win32.x86_64_1.2.900.v20240129-1338\eclipse_11900.dll
0x00007fff24250000 - 0x00007fff2437b000 	C:\Windows\System32\ole32.dll

dbghelp: loaded successfully - version: 4.0.5 - missing functions: none
symbol engine: initialized successfully - sym options: 0x614 - pdb path: .;c:\Users\91988\.vscode\extensions\redhat.java-1.28.1-win32-x64\jre\17.0.10-win32-x86_64\bin;C:\Windows\SYSTEM32;C:\Windows\WinSxS\amd64_microsoft.windows.common-controls_6595b64144ccf1df_6.0.19041.3636_none_60b6a03d71f818d5;c:\Users\91988\.vscode\extensions\redhat.java-1.28.1-win32-x64\jre\17.0.10-win32-x86_64\bin\server;C:\Users\91988\AppData\Roaming\Code\User\globalStorage\redhat.java\1.28.1\config_ss_win\org.eclipse.equinox.launcher\org.eclipse.equinox.launcher.win32.win32.x86_64_1.2.900.v20240129-1338

VM Arguments:
jvm_args: --add-modules=ALL-SYSTEM --add-opens=java.base/java.util=ALL-UNNAMED --add-opens=java.base/java.lang=ALL-UNNAMED --add-opens=java.base/sun.nio.fs=ALL-UNNAMED -Declipse.application=org.eclipse.jdt.ls.core.id1 -Dosgi.bundles.defaultStartLevel=4 -Declipse.product=org.eclipse.jdt.ls.core.product -Djava.import.generatesMetadataFilesAtProjectRoot=false -DDetectVMInstallationsJob.disabled=true -Dfile.encoding=utf8 -XX:+UseParallelGC -XX:GCTimeRatio=4 -XX:AdaptiveSizePolicyWeight=90 -Dsun.zip.disableMemoryMapping=true -Xmx1G -Xms100m -Xlog:disable -javaagent:c:\Users\91988\.vscode\extensions\redhat.java-1.28.1-win32-x64\lombok\lombok-1.18.31.jar 
java_command: c:\Users\91988\.vscode\extensions\redhat.java-1.28.1-win32-x64\server\plugins\org.eclipse.equinox.launcher_1.6.700.v20231214-2017.jar -configuration c:\Users\91988\AppData\Roaming\Code\User\globalStorage\redhat.java\1.28.1\config_ss_win -data c:\Users\91988\AppData\Roaming\Code\User\workspaceStorage\664d0e1d44fa23161cb0b0b56b8b47c5\redhat.java\ss_ws --stdio
java_class_path (initial): c:\Users\91988\.vscode\extensions\redhat.java-1.28.1-win32-x64\server\plugins\org.eclipse.equinox.launcher_1.6.700.v20231214-2017.jar
Launcher Type: SUN_STANDARD

[Global flags]
    uintx AdaptiveSizePolicyWeight                 = 90                                        {product} {command line}
     intx CICompilerCount                          = 4                                         {product} {ergonomic}
    uintx GCTimeRatio                              = 4                                         {product} {command line}
   size_t InitialHeapSize                          = 104857600                                 {product} {command line}
   size_t MaxHeapSize                              = 1073741824                                {product} {command line}
   size_t MaxNewSize                               = 357564416                                 {product} {ergonomic}
   size_t MinHeapDeltaBytes                        = 524288                                    {product} {ergonomic}
   size_t MinHeapSize                              = 104857600                                 {product} {command line}
   size_t NewSize                                  = 34603008                                  {product} {ergonomic}
    uintx NonNMethodCodeHeapSize                   = 5839372                                {pd product} {ergonomic}
    uintx NonProfiledCodeHeapSize                  = 122909434                              {pd product} {ergonomic}
   size_t OldSize                                  = 70254592                                  {product} {ergonomic}
    uintx ProfiledCodeHeapSize                     = 122909434                              {pd product} {ergonomic}
    uintx ReservedCodeCacheSize                    = 251658240                              {pd product} {ergonomic}
     bool SegmentedCodeCache                       = true                                      {product} {ergonomic}
   size_t SoftMaxHeapSize                          = 1073741824                             {manageable} {ergonomic}
     bool UseCompressedClassPointers               = true                           {product lp64_product} {ergonomic}
     bool UseCompressedOops                        = true                           {product lp64_product} {ergonomic}
     bool UseLargePagesIndividualAllocation        = false                                  {pd product} {ergonomic}
     bool UseParallelGC                            = true                                      {product} {command line}

Logging:
Log output configuration:
 #0: stdout all=off uptime,level,tags
 #1: stderr all=off uptime,level,tags

Environment Variables:
JAVA_HOME=C:\Program Files\Java\jdk-17.0.1\bin
PATH=C:\Program Files\Common Files\Oracle\Java\javapath;C:\Program Files\NVIDIA GPU Computing Toolkit\CUDA\v11.7\bin;C:\Program Files\NVIDIA GPU Computing Toolkit\CUDA\v11.7\libnvvp;C:\Windows\system32\cmd.exe;C:\Program Files\NVIDIA Corporation\Nsight Compute 2022.2.0\;C:\Program Files\NVIDIA Corporation\NVIDIA NvDLISR;C:\Program Files\Git\cmd;C:\Program Files\Git\bin\;C:\Program Files\nodejs\;C:\Program Files\Java\jdk-17.0.1\bin;C:\Program Files\Cloudflare\Cloudflare WARP\;C:\Program Files\dotnet\;D:\Python3\Scripts\;D:\Python3\;C:\Program Files\JetBrains\IntelliJ IDEA 2021.3\lib;C:\Users\91988\AppData\Local\Programs\Microsoft VS Code\bin;C:\Users\91988\AppData\Roaming\npm;C:\Windows\System32;C:\Windows\System32\;C:\Users\91988\Documents\ffmpeg-2023-11-09-git-acf63d5350-full_build\ffmpeg-2023-11-09-git-acf63d5350-full_build\bin;C:\Program Files\Git\usr\bin;
USERNAME=91988
OS=Windows_NT
PROCESSOR_IDENTIFIER=AMD64 Family 23 Model 96 Stepping 1, AuthenticAMD
TMP=C:\Users\91988\AppData\Local\Temp
TEMP=C:\Users\91988\AppData\Local\Temp



Periodic native trim disabled


---------------  S Y S T E M  ---------------

OS:
 Windows 10 , 64 bit Build 19041 (10.0.19041.3636)
OS uptime: 0 days 12:30 hours
Hyper-V role detected

CPU: total 12 (initial active 12) (12 cores per cpu, 2 threads per core) family 23 model 96 stepping 1 microcode 0x0, cx8, cmov, fxsr, ht, mmx, 3dnowpref, sse, sse2, sse3, ssse3, sse4a, sse4.1, sse4.2, popcnt, lzcnt, tsc, tscinvbit, avx, avx2, aes, clmul, bmi1, bmi2, adx, sha, fma, vzeroupper, clflush, clflushopt, hv
Processor Information for all 12 processors :
  Max Mhz: 3000, Current Mhz: 3000, Mhz Limit: 3000

Memory: 4k page, system-wide physical 8061M (686M free)
TotalPageFile size 17357M (AvailPageFile size 2M)
current process WorkingSet (physical memory assigned to process): 84M, peak: 84M
current process commit charge ("private bytes"): 212M, peak: 212M

vm_info: OpenJDK 64-Bit Server VM (17.0.10+7) for windows-amd64 JRE (17.0.10+7), built on Jan 16 2024 23:25:11 by "admin" with MS VC++ 16.10 / 16.11 (VS2019)

END.
